2025.04.03 19:24:56 INFO  tracing is disabled for protocol LSP, to enable tracing of incoming and outgoing JSON messages create an empty file at c:\Users\daniel\Documents\Projects and Tutorials\Data Engineering Tutorials\Streaming-Big-Data-with-Spark-Streaming-Scala-and-Spark-3\SparkStreamingIDEA\SparkStreaming\.metals\lsp.trace.json
2025.04.03 19:24:59 INFO  logging to files C:\Users\daniel\Documents\Projects and Tutorials\Data Engineering Tutorials\Streaming-Big-Data-with-Spark-Streaming-Scala-and-Spark-3\SparkStreamingIDEA\SparkStreaming\.metals\metals.log
2025.04.03 19:24:59 INFO  Started: Metals version 1.5.2 in folders 'C:\Users\daniel\Documents\Projects and Tutorials\Data Engineering Tutorials\Streaming-Big-Data-with-Spark-Streaming-Scala-and-Spark-3\SparkStreamingIDEA\SparkStreaming' for client Visual Studio Code 1.98.2.
2025.04.03 19:25:02 INFO  no build target found for C:\Users\daniel\Documents\Projects and Tutorials\Data Engineering Tutorials\Streaming-Big-Data-with-Spark-Streaming-Scala-and-Spark-3\SparkStreamingIDEA\SparkStreaming\build.sbt. Using presentation compiler with project's scala-library version: 3.3.5
Apr 03, 2025 7:25:04 PM org.eclipse.lsp4j.jsonrpc.RemoteEndpoint handleCancellation
WARNING: Unmatched cancel notification for request id 2
2025.04.03 19:25:04 INFO  no build target found for C:\Users\daniel\Documents\Projects and Tutorials\Data Engineering Tutorials\Streaming-Big-Data-with-Spark-Streaming-Scala-and-Spark-3\SparkStreamingIDEA\SparkStreaming\build.sbt. Using presentation compiler with project's scala-library version: 3.3.5
2025.04.03 19:25:04 INFO  no build target found for C:\Users\daniel\Documents\Projects and Tutorials\Data Engineering Tutorials\Streaming-Big-Data-with-Spark-Streaming-Scala-and-Spark-3\SparkStreamingIDEA\SparkStreaming\build.sbt. Using presentation compiler with project's scala-library version: 3.3.5
2025.04.03 19:25:04 INFO  no build target found for C:\Users\daniel\Documents\Projects and Tutorials\Data Engineering Tutorials\Streaming-Big-Data-with-Spark-Streaming-Scala-and-Spark-3\SparkStreamingIDEA\SparkStreaming\build.sbt. Using presentation compiler with project's scala-library version: 3.3.5
2025.04.03 19:25:04 INFO  no build target found for C:\Users\daniel\Documents\Projects and Tutorials\Data Engineering Tutorials\Streaming-Big-Data-with-Spark-Streaming-Scala-and-Spark-3\SparkStreamingIDEA\SparkStreaming\build.sbt. Using presentation compiler with project's scala-library version: 3.3.5
Apr 03, 2025 7:25:04 PM org.eclipse.lsp4j.jsonrpc.RemoteEndpoint handleCancellation
WARNING: Unmatched cancel notification for request id 9
Apr 03, 2025 7:25:04 PM org.eclipse.lsp4j.jsonrpc.RemoteEndpoint handleCancellation
WARNING: Unmatched cancel notification for request id 10
2025.04.03 19:25:04 INFO  no build target found for C:\Users\daniel\Documents\Projects and Tutorials\Data Engineering Tutorials\Streaming-Big-Data-with-Spark-Streaming-Scala-and-Spark-3\SparkStreamingIDEA\SparkStreaming\build.sbt. Using presentation compiler with project's scala-library version: 3.3.5
2025.04.03 19:25:04 INFO  no build target found for C:\Users\daniel\Documents\Projects and Tutorials\Data Engineering Tutorials\Streaming-Big-Data-with-Spark-Streaming-Scala-and-Spark-3\SparkStreamingIDEA\SparkStreaming\build.sbt. Using presentation compiler with project's scala-library version: 3.3.5
Apr 03, 2025 7:25:04 PM org.eclipse.lsp4j.jsonrpc.RemoteEndpoint handleCancellation
WARNING: Unmatched cancel notification for request id 12
2025.04.03 19:25:04 INFO  no build target found for C:\Users\daniel\Documents\Projects and Tutorials\Data Engineering Tutorials\Streaming-Big-Data-with-Spark-Streaming-Scala-and-Spark-3\SparkStreamingIDEA\SparkStreaming\build.sbt. Using presentation compiler with project's scala-library version: 3.3.5
2025.04.03 19:25:05 INFO  no build target found for C:\Users\daniel\Documents\Projects and Tutorials\Data Engineering Tutorials\Streaming-Big-Data-with-Spark-Streaming-Scala-and-Spark-3\SparkStreamingIDEA\SparkStreaming\build.sbt. Using presentation compiler with project's scala-library version: 3.3.5
2025.04.03 21:09:04 INFO  no build target found for C:\Users\daniel\Documents\Projects and Tutorials\Data Engineering Tutorials\Streaming-Big-Data-with-Spark-Streaming-Scala-and-Spark-3\SparkStreamingIDEA\SparkStreaming\build.sbt. Using presentation compiler with project's scala-library version: 3.3.5
2025.04.03 21:09:04 INFO  no build target found for C:\Users\daniel\Documents\Projects and Tutorials\Data Engineering Tutorials\Streaming-Big-Data-with-Spark-Streaming-Scala-and-Spark-3\SparkStreamingIDEA\SparkStreaming\build.sbt. Using presentation compiler with project's scala-library version: 3.3.5
2025.04.03 21:09:04 INFO  no build target found for C:\Users\daniel\Documents\Projects and Tutorials\Data Engineering Tutorials\Streaming-Big-Data-with-Spark-Streaming-Scala-and-Spark-3\SparkStreamingIDEA\SparkStreaming\build.sbt. Using presentation compiler with project's scala-library version: 3.3.5
2025.04.03 21:09:06 INFO  no build target found for C:\Users\daniel\Documents\Projects and Tutorials\Data Engineering Tutorials\Streaming-Big-Data-with-Spark-Streaming-Scala-and-Spark-3\SparkStreamingIDEA\SparkStreaming\build.sbt. Using presentation compiler with project's scala-library version: 3.3.5
2025.04.03 21:09:06 INFO  no build target found for C:\Users\daniel\Documents\Projects and Tutorials\Data Engineering Tutorials\Streaming-Big-Data-with-Spark-Streaming-Scala-and-Spark-3\SparkStreamingIDEA\SparkStreaming\build.sbt. Using presentation compiler with project's scala-library version: 3.3.5
Apr 03, 2025 9:09:06 PM org.eclipse.lsp4j.jsonrpc.RemoteEndpoint handleCancellation
WARNING: Unmatched cancel notification for request id 19
2025.04.03 21:09:06 INFO  no build target found for C:\Users\daniel\Documents\Projects and Tutorials\Data Engineering Tutorials\Streaming-Big-Data-with-Spark-Streaming-Scala-and-Spark-3\SparkStreamingIDEA\SparkStreaming\build.sbt. Using presentation compiler with project's scala-library version: 3.3.5
2025.04.03 21:09:50 INFO  Shutting down server
2025.04.03 21:09:50 INFO  shutting down Metals
2025.04.03 21:09:50 ERROR Unexpected error initializing server: 
org.eclipse.lsp4j.jsonrpc.ResponseErrorException: Request window/showMessageRequest failed with message: Canceled
	at org.eclipse.lsp4j.jsonrpc.RemoteEndpoint.handleResponse(RemoteEndpoint.java:220)
	at org.eclipse.lsp4j.jsonrpc.RemoteEndpoint.consume(RemoteEndpoint.java:204)
	at org.eclipse.lsp4j.jsonrpc.json.StreamMessageProducer.handleMessage(StreamMessageProducer.java:185)
	at org.eclipse.lsp4j.jsonrpc.json.StreamMessageProducer.listen(StreamMessageProducer.java:97)
	at org.eclipse.lsp4j.jsonrpc.json.ConcurrentMessageProcessor.run(ConcurrentMessageProcessor.java:114)
	at java.util.concurrent.Executors$RunnableAdapter.call(Executors.java:539)
	at java.util.concurrent.FutureTask.run(FutureTask.java:264)
	at java.util.concurrent.ThreadPoolExecutor.runWorker(ThreadPoolExecutor.java:1136)
	at java.util.concurrent.ThreadPoolExecutor$Worker.run(ThreadPoolExecutor.java:635)
	at java.lang.Thread.run(Thread.java:840)

2025.04.03 21:09:50 INFO  Exiting server
