2025.04.03 19:17:45 INFO  tracing is disabled for protocol LSP, to enable tracing of incoming and outgoing JSON messages create an empty file at c:\Users\daniel\Documents\Projects and Tutorials\Data Engineering Tutorials\Streaming-Big-Data-with-Spark-Streaming-Scala-and-Spark-3\.metals\lsp.trace.json
2025.04.03 19:17:51 INFO  logging to files C:\Users\daniel\Documents\Projects and Tutorials\Data Engineering Tutorials\Streaming-Big-Data-with-Spark-Streaming-Scala-and-Spark-3\.metals\metals.log
2025.04.03 19:17:51 INFO  Started: Metals version 1.5.2 in folders 'C:\Users\daniel\Documents\Projects and Tutorials\Data Engineering Tutorials\Streaming-Big-Data-with-Spark-Streaming-Scala-and-Spark-3' for client Visual Studio Code 1.98.2.
2025.04.03 19:17:53 INFO  no build target found for C:\Users\daniel\Documents\Projects and Tutorials\Data Engineering Tutorials\Streaming-Big-Data-with-Spark-Streaming-Scala-and-Spark-3\SparkStreamingIDEA\SparkStreaming\build.sbt. Using presentation compiler with project's scala-library version: 3.3.5
Apr 03, 2025 7:18:02 PM org.eclipse.lsp4j.jsonrpc.RemoteEndpoint handleCancellation
WARNING: Unmatched cancel notification for request id 1
Apr 03, 2025 7:18:02 PM org.eclipse.lsp4j.jsonrpc.RemoteEndpoint handleCancellation
WARNING: Unmatched cancel notification for request id 2
2025.04.03 19:18:02 INFO  no build target found for C:\Users\daniel\Documents\Projects and Tutorials\Data Engineering Tutorials\Streaming-Big-Data-with-Spark-Streaming-Scala-and-Spark-3\SparkStreamingIDEA\SparkStreaming\build.sbt. Using presentation compiler with project's scala-library version: 3.3.5
2025.04.03 19:18:08 INFO  Running List(C:\Users\daniel\AppData\Local\Coursier\data\bin\scala-cli.BAT, setup-ide, C:\Users\daniel\Documents\Projects and Tutorials\Data Engineering Tutorials\Streaming-Big-Data-with-Spark-Streaming-Scala-and-Spark-3)
2025.04.03 19:18:09 INFO  Attempting to connect to the build server...
2025.04.03 19:18:09 INFO  Running BSP server List(C:\Users\daniel\AppData\Local\Coursier\data\bin\.scala-cli.aux.exe, bsp, --json-options, C:\Users\daniel\Documents\Projects and Tutorials\Data Engineering Tutorials\Streaming-Big-Data-with-Spark-Streaming-Scala-and-Spark-3\.scala-build\ide-options-v2.json, --json-launcher-options, C:\Users\daniel\Documents\Projects and Tutorials\Data Engineering Tutorials\Streaming-Big-Data-with-Spark-Streaming-Scala-and-Spark-3\.scala-build\ide-launcher-options.json, --envs-file, C:\Users\daniel\Documents\Projects and Tutorials\Data Engineering Tutorials\Streaming-Big-Data-with-Spark-Streaming-Scala-and-Spark-3\.scala-build\ide-envs.json, C:\Users\daniel\Documents\Projects and Tutorials\Data Engineering Tutorials\Streaming-Big-Data-with-Spark-Streaming-Scala-and-Spark-3)
2025.04.03 19:18:10 INFO  tracing is disabled for protocol BSP, to enable tracing of incoming and outgoing JSON messages create an empty file at C:\Users\daniel\Documents\Projects and Tutorials\Data Engineering Tutorials\Streaming-Big-Data-with-Spark-Streaming-Scala-and-Spark-3\.metals\bsp.trace.json
2025.04.03 19:18:13 INFO  BSP server: Checking https://github.com/coursier/jvm-index/raw/master/index.json
2025.04.03 19:18:13 INFO  BSP server: Checked https://github.com/coursier/jvm-index/raw/master/index.json
2025.04.03 19:18:13 INFO  BSP server: Downloading https://github.com/coursier/jvm-index/raw/master/index.json
2025.04.03 19:18:13 INFO  BSP server: Downloaded https://github.com/coursier/jvm-index/raw/master/index.json
2025.04.03 19:18:15 INFO  BSP server: Downloading https://repo1.maven.org/maven2/ch/epfl/scala/bloop-frontend_2.12/2.0.3/bloop-frontend_2.12-2.0.3.pom
2025.04.03 19:18:15 INFO  BSP server: Downloaded https://repo1.maven.org/maven2/ch/epfl/scala/bloop-frontend_2.12/2.0.3/bloop-frontend_2.12-2.0.3.pom
2025.04.03 19:18:15 INFO  BSP server: Downloading https://repo1.maven.org/maven2/org/scalaz/scalaz-core_2.12/7.3.8/scalaz-core_2.12-7.3.8.pom
2025.04.03 19:18:15 INFO  BSP server: Downloading https://repo1.maven.org/maven2/ch/epfl/scala/scala-debug-adapter_2.12/4.2.1/scala-debug-adapter_2.12-4.2.1.pom
2025.04.03 19:18:15 INFO  BSP server: Downloading https://repo1.maven.org/maven2/io/monix/monix_2.12/3.2.0/monix_2.12-3.2.0.pom
2025.04.03 19:18:15 INFO  BSP server: Downloading https://repo1.maven.org/maven2/org/scala-lang/scala-library/2.12.20/scala-library-2.12.20.pom
2025.04.03 19:18:15 INFO  BSP server: Downloading https://repo1.maven.org/maven2/ch/qos/logback/logback-classic/1.5.9/logback-classic-1.5.9.pom
2025.04.03 19:18:15 INFO  BSP server: Downloading https://repo1.maven.org/maven2/ch/epfl/scala/bloop-config_2.12/2.0.3/bloop-config_2.12-2.0.3.pom
2025.04.03 19:18:15 INFO  BSP server: Downloaded https://repo1.maven.org/maven2/org/scalaz/scalaz-core_2.12/7.3.8/scalaz-core_2.12-7.3.8.pom
2025.04.03 19:18:15 INFO  BSP server: Downloading https://repo1.maven.org/maven2/ch/epfl/scala/bloop-shared_2.12/2.0.3/bloop-shared_2.12-2.0.3.pom
2025.04.03 19:18:15 INFO  BSP server: Downloaded https://repo1.maven.org/maven2/io/monix/monix_2.12/3.2.0/monix_2.12-3.2.0.pom
2025.04.03 19:18:15 INFO  BSP server: Downloading https://repo1.maven.org/maven2/ch/epfl/scala/bloop-backend_2.12/2.0.3/bloop-backend_2.12-2.0.3.pom
2025.04.03 19:18:15 INFO  BSP server: Downloaded https://repo1.maven.org/maven2/org/scala-lang/scala-library/2.12.20/scala-library-2.12.20.pom
2025.04.03 19:18:15 INFO  BSP server: Downloading https://repo1.maven.org/maven2/ch/epfl/scala/libdaemon_2.12/0.0.12/libdaemon_2.12-0.0.12.pom
2025.04.03 19:18:15 INFO  BSP server: Downloaded https://repo1.maven.org/maven2/ch/epfl/scala/scala-debug-adapter_2.12/4.2.1/scala-debug-adapter_2.12-4.2.1.pom
2025.04.03 19:18:15 INFO  BSP server: Downloaded https://repo1.maven.org/maven2/ch/qos/logback/logback-classic/1.5.9/logback-classic-1.5.9.pom
2025.04.03 19:18:15 INFO  BSP server: Downloaded https://repo1.maven.org/maven2/ch/epfl/scala/bloop-shared_2.12/2.0.3/bloop-shared_2.12-2.0.3.pom
2025.04.03 19:18:15 INFO  BSP server: Downloading https://repo1.maven.org/maven2/com/github/alexarchambault/case-app_2.12/2.0.6/case-app_2.12-2.0.6.pom
2025.04.03 19:18:15 INFO  BSP server: Downloaded https://repo1.maven.org/maven2/ch/epfl/scala/bloop-config_2.12/2.0.3/bloop-config_2.12-2.0.3.pom
2025.04.03 19:18:15 INFO  BSP server: Downloaded https://repo1.maven.org/maven2/ch/epfl/scala/bloop-backend_2.12/2.0.3/bloop-backend_2.12-2.0.3.pom
2025.04.03 19:18:15 INFO  BSP server: Downloaded https://repo1.maven.org/maven2/com/github/alexarchambault/case-app_2.12/2.0.6/case-app_2.12-2.0.6.pom
2025.04.03 19:18:15 INFO  BSP server: Downloaded https://repo1.maven.org/maven2/ch/epfl/scala/libdaemon_2.12/0.0.12/libdaemon_2.12-0.0.12.pom
2025.04.03 19:18:15 INFO  BSP server: Downloading https://repo1.maven.org/maven2/ch/qos/logback/logback-parent/1.5.9/logback-parent-1.5.9.pom
2025.04.03 19:18:15 INFO  BSP server: Downloaded https://repo1.maven.org/maven2/ch/qos/logback/logback-parent/1.5.9/logback-parent-1.5.9.pom
2025.04.03 19:18:15 INFO  BSP server: Downloading https://repo1.maven.org/maven2/net/jpountz/lz4/lz4/1.3.0/lz4-1.3.0.pom
2025.04.03 19:18:15 INFO  BSP server: Downloading https://repo1.maven.org/maven2/com/github/alexarchambault/case-app-util_2.12/2.0.6/case-app-util_2.12-2.0.6.pom
2025.04.03 19:18:15 INFO  BSP server: Downloading https://repo1.maven.org/maven2/io/monix/monix-execution_2.12/3.2.0/monix-execution_2.12-3.2.0.pom
2025.04.03 19:18:15 INFO  BSP server: Downloading https://repo1.maven.org/maven2/com/lihaoyi/unroll-annotation_2.12/0.1.12/unroll-annotation_2.12-0.1.12.pom
2025.04.03 19:18:15 INFO  BSP server: Downloading https://repo1.maven.org/maven2/org/scala-lang/scala-reflect/2.12.20/scala-reflect-2.12.20.pom
2025.04.03 19:18:15 INFO  BSP server: Downloading https://repo1.maven.org/maven2/io/monix/monix-java_2.12/3.2.0/monix-java_2.12-3.2.0.pom
2025.04.03 19:18:15 INFO  BSP server: Downloaded https://repo1.maven.org/maven2/net/jpountz/lz4/lz4/1.3.0/lz4-1.3.0.pom
2025.04.03 19:18:15 INFO  BSP server: Downloading https://repo1.maven.org/maven2/com/github/alexarchambault/case-app-annotations_2.12/2.0.6/case-app-annotations_2.12-2.0.6.pom
2025.04.03 19:18:15 INFO  BSP server: Downloaded https://repo1.maven.org/maven2/io/monix/monix-execution_2.12/3.2.0/monix-execution_2.12-3.2.0.pom
2025.04.03 19:18:15 INFO  BSP server: Downloading https://repo1.maven.org/maven2/com/lihaoyi/sourcecode_2.12/0.4.2/sourcecode_2.12-0.4.2.pom
2025.04.03 19:18:15 INFO  BSP server: Downloaded https://repo1.maven.org/maven2/com/github/alexarchambault/case-app-util_2.12/2.0.6/case-app-util_2.12-2.0.6.pom
2025.04.03 19:18:15 INFO  BSP server: Downloaded https://repo1.maven.org/maven2/io/monix/monix-java_2.12/3.2.0/monix-java_2.12-3.2.0.pom
2025.04.03 19:18:15 INFO  BSP server: Downloading https://repo1.maven.org/maven2/io/zipkin/brave/brave/5.18.1/brave-5.18.1.pom
2025.04.03 19:18:15 INFO  BSP server: Downloading https://repo1.maven.org/maven2/io/monix/monix-catnap_2.12/3.2.0/monix-catnap_2.12-3.2.0.pom
2025.04.03 19:18:15 INFO  BSP server: Downloaded https://repo1.maven.org/maven2/com/lihaoyi/unroll-annotation_2.12/0.1.12/unroll-annotation_2.12-0.1.12.pom
2025.04.03 19:18:15 INFO  BSP server: Downloading https://repo1.maven.org/maven2/org/scala-sbt/zinc_2.12/1.10.2/zinc_2.12-1.10.2.pom
2025.04.03 19:18:15 INFO  BSP server: Downloaded https://repo1.maven.org/maven2/io/zipkin/brave/brave/5.18.1/brave-5.18.1.pom
2025.04.03 19:18:15 INFO  BSP server: Downloading https://repo1.maven.org/maven2/io/monix/monix-tail_2.12/3.2.0/monix-tail_2.12-3.2.0.pom
2025.04.03 19:18:15 INFO  BSP server: Downloaded https://repo1.maven.org/maven2/com/github/alexarchambault/case-app-annotations_2.12/2.0.6/case-app-annotations_2.12-2.0.6.pom
2025.04.03 19:18:15 INFO  BSP server: Downloading https://repo1.maven.org/maven2/io/zipkin/reporter2/zipkin-sender-urlconnection/2.17.2/zipkin-sender-urlconnection-2.17.2.pom
2025.04.03 19:18:15 INFO  BSP server: Downloaded https://repo1.maven.org/maven2/org/scala-lang/scala-reflect/2.12.20/scala-reflect-2.12.20.pom
2025.04.03 19:18:16 INFO  BSP server: Downloading https://repo1.maven.org/maven2/com/lihaoyi/pprint_2.12/0.9.0/pprint_2.12-0.9.0.pom
2025.04.03 19:18:16 INFO  BSP server: Downloaded https://repo1.maven.org/maven2/org/scala-sbt/zinc_2.12/1.10.2/zinc_2.12-1.10.2.pom
2025.04.03 19:18:16 INFO  BSP server: Downloading https://repo1.maven.org/maven2/ch/qos/logback/logback-core/1.5.9/logback-core-1.5.9.pom
2025.04.03 19:18:16 INFO  BSP server: Downloaded https://repo1.maven.org/maven2/com/lihaoyi/sourcecode_2.12/0.4.2/sourcecode_2.12-0.4.2.pom
2025.04.03 19:18:16 INFO  BSP server: Downloaded https://repo1.maven.org/maven2/io/monix/monix-tail_2.12/3.2.0/monix-tail_2.12-3.2.0.pom
2025.04.03 19:18:16 INFO  BSP server: Downloading https://repo1.maven.org/maven2/io/monix/monix-eval_2.12/3.2.0/monix-eval_2.12-3.2.0.pom
2025.04.03 19:18:16 INFO  BSP server: Downloading https://repo1.maven.org/maven2/org/scala-lang/modules/scala-collection-compat_2.12/2.12.0/scala-collection-compat_2.12-2.12.0.pom
2025.04.03 19:18:16 INFO  BSP server: Downloaded https://repo1.maven.org/maven2/ch/qos/logback/logback-core/1.5.9/logback-core-1.5.9.pom
2025.04.03 19:18:16 INFO  BSP server: Downloading https://repo1.maven.org/maven2/io/get-coursier/interface/1.0.21/interface-1.0.21.pom
2025.04.03 19:18:16 INFO  BSP server: Downloaded https://repo1.maven.org/maven2/io/zipkin/reporter2/zipkin-sender-urlconnection/2.17.2/zipkin-sender-urlconnection-2.17.2.pom
2025.04.03 19:18:16 INFO  BSP server: Downloading https://repo1.maven.org/maven2/ch/epfl/scala/directory-watcher/0.8.0+6-f651bd93/directory-watcher-0.8.0+6-f651bd93.pom
2025.04.03 19:18:16 INFO  BSP server: Downloaded https://repo1.maven.org/maven2/com/lihaoyi/pprint_2.12/0.9.0/pprint_2.12-0.9.0.pom
2025.04.03 19:18:16 INFO  BSP server: Downloading https://repo1.maven.org/maven2/com/github/plokhotnyuk/jsoniter-scala/jsoniter-scala-macros_2.12/2.13.3.2/jsoniter-scala-macros_2.12-2.13.3.2.pom
2025.04.03 19:18:16 INFO  BSP server: Downloaded https://repo1.maven.org/maven2/io/monix/monix-eval_2.12/3.2.0/monix-eval_2.12-3.2.0.pom
2025.04.03 19:18:16 INFO  BSP server: Downloading https://repo1.maven.org/maven2/ch/epfl/scala/bsp4s_2.12/2.1.1/bsp4s_2.12-2.1.1.pom
2025.04.03 19:18:16 INFO  BSP server: Downloaded https://repo1.maven.org/maven2/io/monix/monix-catnap_2.12/3.2.0/monix-catnap_2.12-3.2.0.pom
2025.04.03 19:18:16 INFO  BSP server: Downloading https://repo1.maven.org/maven2/org/apache/logging/log4j/log4j-core/2.23.0/log4j-core-2.23.0.pom
2025.04.03 19:18:16 INFO  BSP server: Downloaded https://repo1.maven.org/maven2/org/scala-lang/modules/scala-collection-compat_2.12/2.12.0/scala-collection-compat_2.12-2.12.0.pom
2025.04.03 19:18:16 INFO  BSP server: Downloading https://repo1.maven.org/maven2/io/github/alexarchambault/bleep/nailgun-server/1.0.7/nailgun-server-1.0.7.pom
2025.04.03 19:18:16 INFO  BSP server: Downloaded https://repo1.maven.org/maven2/ch/epfl/scala/directory-watcher/0.8.0+6-f651bd93/directory-watcher-0.8.0+6-f651bd93.pom
2025.04.03 19:18:16 INFO  BSP server: Downloading https://repo1.maven.org/maven2/org/scala-sbt/librarymanagement-ivy_2.12/1.10.1/librarymanagement-ivy_2.12-1.10.1.pom
2025.04.03 19:18:16 INFO  BSP server: Downloaded https://repo1.maven.org/maven2/io/get-coursier/interface/1.0.21/interface-1.0.21.pom
2025.04.03 19:18:16 INFO  BSP server: Downloading https://repo1.maven.org/maven2/io/monix/monix-reactive_2.12/3.2.0/monix-reactive_2.12-3.2.0.pom
2025.04.03 19:18:16 INFO  BSP server: Downloaded https://repo1.maven.org/maven2/com/github/plokhotnyuk/jsoniter-scala/jsoniter-scala-macros_2.12/2.13.3.2/jsoniter-scala-macros_2.12-2.13.3.2.pom
2025.04.03 19:18:16 INFO  BSP server: Downloaded https://repo1.maven.org/maven2/ch/epfl/scala/bsp4s_2.12/2.1.1/bsp4s_2.12-2.1.1.pom
2025.04.03 19:18:16 INFO  BSP server: Downloading https://repo1.maven.org/maven2/com/github/plokhotnyuk/jsoniter-scala/jsoniter-scala-core_2.12/2.13.3.2/jsoniter-scala-core_2.12-2.13.3.2.pom
2025.04.03 19:18:16 INFO  BSP server: Downloaded https://repo1.maven.org/maven2/io/github/alexarchambault/bleep/nailgun-server/1.0.7/nailgun-server-1.0.7.pom
2025.04.03 19:18:16 INFO  BSP server: Downloading https://repo1.maven.org/maven2/org/zeroturnaround/zt-zip/1.17/zt-zip-1.17.pom
2025.04.03 19:18:16 INFO  BSP server: Downloading https://repo1.maven.org/maven2/org/slf4j/slf4j-api/2.0.15/slf4j-api-2.0.15.pom
2025.04.03 19:18:16 INFO  BSP server: Downloaded https://repo1.maven.org/maven2/org/scala-sbt/librarymanagement-ivy_2.12/1.10.1/librarymanagement-ivy_2.12-1.10.1.pom
2025.04.03 19:18:16 INFO  BSP server: Downloaded https://repo1.maven.org/maven2/com/github/plokhotnyuk/jsoniter-scala/jsoniter-scala-core_2.12/2.13.3.2/jsoniter-scala-core_2.12-2.13.3.2.pom
2025.04.03 19:18:16 INFO  BSP server: Downloaded https://repo1.maven.org/maven2/io/monix/monix-reactive_2.12/3.2.0/monix-reactive_2.12-3.2.0.pom
2025.04.03 19:18:16 INFO  BSP server: Downloaded https://repo1.maven.org/maven2/org/apache/logging/log4j/log4j-core/2.23.0/log4j-core-2.23.0.pom
2025.04.03 19:18:16 INFO  BSP server: Downloading https://repo1.maven.org/maven2/org/scala-sbt/test-agent/1.10.2/test-agent-1.10.2.pom
2025.04.03 19:18:16 INFO  BSP server: Downloading https://repo1.maven.org/maven2/org/scalameta/parsers_2.12/4.9.9/parsers_2.12-4.9.9.pom
2025.04.03 19:18:16 INFO  BSP server: Downloaded https://repo1.maven.org/maven2/org/zeroturnaround/zt-zip/1.17/zt-zip-1.17.pom
2025.04.03 19:18:16 INFO  BSP server: Downloaded https://repo1.maven.org/maven2/org/slf4j/slf4j-api/2.0.15/slf4j-api-2.0.15.pom
2025.04.03 19:18:16 INFO  BSP server: Downloaded https://repo1.maven.org/maven2/org/scalameta/parsers_2.12/4.9.9/parsers_2.12-4.9.9.pom
2025.04.03 19:18:16 INFO  BSP server: Downloaded https://repo1.maven.org/maven2/org/scala-sbt/test-agent/1.10.2/test-agent-1.10.2.pom
2025.04.03 19:18:16 INFO  BSP server: Downloading https://repo1.maven.org/maven2/io/zipkin/brave/brave-parent/5.18.1/brave-parent-5.18.1.pom
2025.04.03 19:18:16 INFO  BSP server: Downloading https://repo1.maven.org/maven2/io/zipkin/reporter2/zipkin-reporter-parent/2.17.2/zipkin-reporter-parent-2.17.2.pom
2025.04.03 19:18:16 INFO  BSP server: Downloading https://repo1.maven.org/maven2/org/apache/logging/log4j/log4j/2.23.0/log4j-2.23.0.pom
2025.04.03 19:18:16 INFO  BSP server: Downloading https://repo1.maven.org/maven2/org/slf4j/slf4j-parent/2.0.15/slf4j-parent-2.0.15.pom
2025.04.03 19:18:16 INFO  BSP server: Downloaded https://repo1.maven.org/maven2/io/zipkin/reporter2/zipkin-reporter-parent/2.17.2/zipkin-reporter-parent-2.17.2.pom
2025.04.03 19:18:16 INFO  BSP server: Downloaded https://repo1.maven.org/maven2/org/apache/logging/log4j/log4j/2.23.0/log4j-2.23.0.pom
2025.04.03 19:18:16 INFO  BSP server: Downloaded https://repo1.maven.org/maven2/org/slf4j/slf4j-parent/2.0.15/slf4j-parent-2.0.15.pom
2025.04.03 19:18:16 INFO  BSP server: Downloaded https://repo1.maven.org/maven2/io/zipkin/brave/brave-parent/5.18.1/brave-parent-5.18.1.pom
2025.04.03 19:18:16 INFO  BSP server: Downloading https://repo1.maven.org/maven2/org/apache/logging/log4j/log4j-bom/2.23.0/log4j-bom-2.23.0.pom
2025.04.03 19:18:16 INFO  BSP server: Downloading https://repo1.maven.org/maven2/org/slf4j/slf4j-bom/2.0.15/slf4j-bom-2.0.15.pom
2025.04.03 19:18:16 INFO  BSP server: Downloaded https://repo1.maven.org/maven2/org/apache/logging/log4j/log4j-bom/2.23.0/log4j-bom-2.23.0.pom
2025.04.03 19:18:16 INFO  BSP server: Downloaded https://repo1.maven.org/maven2/org/slf4j/slf4j-bom/2.0.15/slf4j-bom-2.0.15.pom
2025.04.03 19:18:16 INFO  BSP server: Downloading https://repo1.maven.org/maven2/org/apache/logging/logging-parent/10.6.0/logging-parent-10.6.0.pom
2025.04.03 19:18:16 INFO  BSP server: Downloaded https://repo1.maven.org/maven2/org/apache/logging/logging-parent/10.6.0/logging-parent-10.6.0.pom
2025.04.03 19:18:16 INFO  BSP server: Downloading https://repo1.maven.org/maven2/com/fasterxml/jackson/jackson-bom/2.16.1/jackson-bom-2.16.1.pom
2025.04.03 19:18:16 INFO  BSP server: Downloading https://repo1.maven.org/maven2/org/springframework/spring-framework-bom/5.3.32/spring-framework-bom-5.3.32.pom
2025.04.03 19:18:16 INFO  BSP server: Downloading https://repo1.maven.org/maven2/io/fabric8/kubernetes-client-bom/5.12.4/kubernetes-client-bom-5.12.4.pom
2025.04.03 19:18:16 INFO  BSP server: Downloading https://repo1.maven.org/maven2/org/mockito/mockito-bom/4.11.0/mockito-bom-4.11.0.pom
2025.04.03 19:18:16 INFO  BSP server: Downloading https://repo1.maven.org/maven2/jakarta/platform/jakarta.jakartaee-bom/9.1.0/jakarta.jakartaee-bom-9.1.0.pom
2025.04.03 19:18:16 INFO  BSP server: Downloading https://repo1.maven.org/maven2/org/eclipse/jetty/jetty-bom/9.4.54.v20240208/jetty-bom-9.4.54.v20240208.pom
2025.04.03 19:18:16 INFO  BSP server: Downloaded https://repo1.maven.org/maven2/com/fasterxml/jackson/jackson-bom/2.16.1/jackson-bom-2.16.1.pom
2025.04.03 19:18:16 INFO  BSP server: Downloading https://repo1.maven.org/maven2/io/netty/netty-bom/4.1.107.Final/netty-bom-4.1.107.Final.pom
2025.04.03 19:18:16 INFO  BSP server: Downloaded https://repo1.maven.org/maven2/org/springframework/spring-framework-bom/5.3.32/spring-framework-bom-5.3.32.pom
2025.04.03 19:18:16 INFO  BSP server: Downloading https://repo1.maven.org/maven2/org/codehaus/groovy/groovy-bom/3.0.20/groovy-bom-3.0.20.pom
2025.04.03 19:18:16 INFO  BSP server: Downloaded https://repo1.maven.org/maven2/org/mockito/mockito-bom/4.11.0/mockito-bom-4.11.0.pom
2025.04.03 19:18:16 INFO  BSP server: Downloaded https://repo1.maven.org/maven2/jakarta/platform/jakarta.jakartaee-bom/9.1.0/jakarta.jakartaee-bom-9.1.0.pom
2025.04.03 19:18:16 INFO  BSP server: Downloaded https://repo1.maven.org/maven2/io/fabric8/kubernetes-client-bom/5.12.4/kubernetes-client-bom-5.12.4.pom
2025.04.03 19:18:16 INFO  BSP server: Downloaded https://repo1.maven.org/maven2/io/netty/netty-bom/4.1.107.Final/netty-bom-4.1.107.Final.pom
2025.04.03 19:18:16 INFO  BSP server: Downloaded https://repo1.maven.org/maven2/org/eclipse/jetty/jetty-bom/9.4.54.v20240208/jetty-bom-9.4.54.v20240208.pom
2025.04.03 19:18:16 INFO  BSP server: Downloaded https://repo1.maven.org/maven2/org/codehaus/groovy/groovy-bom/3.0.20/groovy-bom-3.0.20.pom
2025.04.03 19:18:16 INFO  BSP server: Downloading https://repo1.maven.org/maven2/jakarta/platform/jakartaee-api-parent/9.1.0/jakartaee-api-parent-9.1.0.pom
2025.04.03 19:18:16 INFO  BSP server: Downloading https://repo1.maven.org/maven2/com/fasterxml/jackson/jackson-parent/2.16/jackson-parent-2.16.pom
2025.04.03 19:18:16 INFO  BSP server: Downloaded https://repo1.maven.org/maven2/jakarta/platform/jakartaee-api-parent/9.1.0/jakartaee-api-parent-9.1.0.pom
2025.04.03 19:18:16 INFO  BSP server: Downloaded https://repo1.maven.org/maven2/com/fasterxml/jackson/jackson-parent/2.16/jackson-parent-2.16.pom
2025.04.03 19:18:16 INFO  BSP server: Downloading https://repo1.maven.org/maven2/org/eclipse/ee4j/project/1.0.7/project-1.0.7.pom
2025.04.03 19:18:16 INFO  BSP server: Downloading https://repo1.maven.org/maven2/com/fasterxml/oss-parent/56/oss-parent-56.pom
2025.04.03 19:18:16 INFO  BSP server: Downloaded https://repo1.maven.org/maven2/org/eclipse/ee4j/project/1.0.7/project-1.0.7.pom
2025.04.03 19:18:16 INFO  BSP server: Downloaded https://repo1.maven.org/maven2/com/fasterxml/oss-parent/56/oss-parent-56.pom
2025.04.03 19:18:16 INFO  BSP server: Downloading https://repo1.maven.org/maven2/org/scala-sbt/zinc-classfile_2.12/1.10.2/zinc-classfile_2.12-1.10.2.pom
2025.04.03 19:18:16 INFO  BSP server: Downloading https://repo1.maven.org/maven2/com/lihaoyi/fansi_2.12/0.5.0/fansi_2.12-0.5.0.pom
2025.04.03 19:18:16 INFO  BSP server: Downloading https://repo1.maven.org/maven2/org/scala-sbt/zinc-compile-core_2.12/1.10.2/zinc-compile-core_2.12-1.10.2.pom
2025.04.03 19:18:16 INFO  BSP server: Downloading https://repo1.maven.org/maven2/io/zipkin/reporter2/zipkin-reporter/2.17.2/zipkin-reporter-2.17.2.pom
2025.04.03 19:18:16 INFO  BSP server: Downloading https://repo1.maven.org/maven2/me/vican/jorge/jsonrpc4s_2.12/0.1.0/jsonrpc4s_2.12-0.1.0.pom
2025.04.03 19:18:16 INFO  BSP server: Downloading https://repo1.maven.org/maven2/net/java/dev/jna/jna-platform/4.4.0/jna-platform-4.4.0.pom
2025.04.03 19:18:16 INFO  BSP server: Downloaded https://repo1.maven.org/maven2/com/lihaoyi/fansi_2.12/0.5.0/fansi_2.12-0.5.0.pom
2025.04.03 19:18:16 INFO  BSP server: Downloading https://repo1.maven.org/maven2/org/scala-sbt/zinc-persist_2.12/1.10.2/zinc-persist_2.12-1.10.2.pom
2025.04.03 19:18:16 INFO  BSP server: Downloaded https://repo1.maven.org/maven2/io/zipkin/reporter2/zipkin-reporter/2.17.2/zipkin-reporter-2.17.2.pom
2025.04.03 19:18:16 INFO  BSP server: Downloading https://repo1.maven.org/maven2/org/typelevel/cats-effect_2.12/2.1.3/cats-effect_2.12-2.1.3.pom
2025.04.03 19:18:16 INFO  BSP server: Downloaded https://repo1.maven.org/maven2/org/scala-sbt/zinc-compile-core_2.12/1.10.2/zinc-compile-core_2.12-1.10.2.pom
2025.04.03 19:18:16 INFO  BSP server: Downloading https://repo1.maven.org/maven2/org/scalameta/trees_2.12/4.9.9/trees_2.12-4.9.9.pom
2025.04.03 19:18:16 INFO  BSP server: Downloaded https://repo1.maven.org/maven2/me/vican/jorge/jsonrpc4s_2.12/0.1.0/jsonrpc4s_2.12-0.1.0.pom
2025.04.03 19:18:16 INFO  BSP server: Downloading https://repo1.maven.org/maven2/io/zipkin/reporter2/zipkin-reporter-brave/2.17.2/zipkin-reporter-brave-2.17.2.pom
2025.04.03 19:18:16 INFO  BSP server: Downloaded https://repo1.maven.org/maven2/org/scala-sbt/zinc-persist_2.12/1.10.2/zinc-persist_2.12-1.10.2.pom
2025.04.03 19:18:16 INFO  BSP server: Downloaded https://repo1.maven.org/maven2/net/java/dev/jna/jna-platform/4.4.0/jna-platform-4.4.0.pom
2025.04.03 19:18:16 INFO  BSP server: Downloaded https://repo1.maven.org/maven2/org/typelevel/cats-effect_2.12/2.1.3/cats-effect_2.12-2.1.3.pom
2025.04.03 19:18:16 INFO  BSP server: Downloading https://repo1.maven.org/maven2/org/jctools/jctools-core/2.1.2/jctools-core-2.1.2.pom
2025.04.03 19:18:16 INFO  BSP server: Downloading https://repo1.maven.org/maven2/org/apache/logging/log4j/log4j-api/2.23.0/log4j-api-2.23.0.pom
2025.04.03 19:18:16 INFO  BSP server: Downloading https://repo1.maven.org/maven2/com/eed3si9n/sjson-new-core_2.12/0.9.0/sjson-new-core_2.12-0.9.0.pom
2025.04.03 19:18:16 INFO  BSP server: Downloaded https://repo1.maven.org/maven2/org/scalameta/trees_2.12/4.9.9/trees_2.12-4.9.9.pom
2025.04.03 19:18:16 INFO  BSP server: Downloading https://repo1.maven.org/maven2/org/scala-sbt/zinc-core_2.12/1.10.2/zinc-core_2.12-1.10.2.pom
2025.04.03 19:18:16 INFO  BSP server: Downloaded https://repo1.maven.org/maven2/io/zipkin/reporter2/zipkin-reporter-brave/2.17.2/zipkin-reporter-brave-2.17.2.pom
2025.04.03 19:18:16 INFO  BSP server: Downloading https://repo1.maven.org/maven2/io/zipkin/zipkin2/zipkin/2.27.0/zipkin-2.27.0.pom
2025.04.03 19:18:16 INFO  BSP server: Downloaded https://repo1.maven.org/maven2/org/scala-sbt/zinc-classfile_2.12/1.10.2/zinc-classfile_2.12-1.10.2.pom
2025.04.03 19:18:16 INFO  BSP server: Downloading https://repo1.maven.org/maven2/io/monix/implicitbox_2.12/0.2.0/implicitbox_2.12-0.2.0.pom
2025.04.03 19:18:16 INFO  BSP server: Downloaded https://repo1.maven.org/maven2/org/jctools/jctools-core/2.1.2/jctools-core-2.1.2.pom
2025.04.03 19:18:16 INFO  BSP server: Downloading https://repo1.maven.org/maven2/com/chuusai/shapeless_2.12/2.3.3/shapeless_2.12-2.3.3.pom
2025.04.03 19:18:16 INFO  BSP server: Downloaded https://repo1.maven.org/maven2/com/eed3si9n/sjson-new-core_2.12/0.9.0/sjson-new-core_2.12-0.9.0.pom
2025.04.03 19:18:16 INFO  BSP server: Downloaded https://repo1.maven.org/maven2/org/apache/logging/log4j/log4j-api/2.23.0/log4j-api-2.23.0.pom
2025.04.03 19:18:16 INFO  BSP server: Downloading https://repo1.maven.org/maven2/org/scala-sbt/librarymanagement-core_2.12/1.10.1/librarymanagement-core_2.12-1.10.1.pom
2025.04.03 19:18:16 INFO  BSP server: Downloading https://repo1.maven.org/maven2/org/scala-sbt/ivy/ivy/2.3.0-sbt-396a783bba347016e7fe30dacc60d355be607fe2/ivy-2.3.0-sbt-396a783bba347016e7fe30dacc60d355be607fe2.pom
2025.04.03 19:18:16 INFO  BSP server: Downloaded https://repo1.maven.org/maven2/org/scala-sbt/zinc-core_2.12/1.10.2/zinc-core_2.12-1.10.2.pom
2025.04.03 19:18:16 INFO  BSP server: Downloaded https://repo1.maven.org/maven2/com/chuusai/shapeless_2.12/2.3.3/shapeless_2.12-2.3.3.pom
2025.04.03 19:18:16 INFO  BSP server: Downloaded https://repo1.maven.org/maven2/io/monix/implicitbox_2.12/0.2.0/implicitbox_2.12-0.2.0.pom
2025.04.03 19:18:16 INFO  BSP server: Downloaded https://repo1.maven.org/maven2/io/zipkin/zipkin2/zipkin/2.27.0/zipkin-2.27.0.pom
2025.04.03 19:18:16 INFO  BSP server: Downloading https://repo1.maven.org/maven2/net/java/dev/jna/jna/4.5.2/jna-4.5.2.pom
2025.04.03 19:18:16 INFO  BSP server: Downloaded https://repo1.maven.org/maven2/org/scala-sbt/ivy/ivy/2.3.0-sbt-396a783bba347016e7fe30dacc60d355be607fe2/ivy-2.3.0-sbt-396a783bba347016e7fe30dacc60d355be607fe2.pom
2025.04.03 19:18:16 INFO  BSP server: Downloaded https://repo1.maven.org/maven2/org/scala-sbt/librarymanagement-core_2.12/1.10.1/librarymanagement-core_2.12-1.10.1.pom
2025.04.03 19:18:16 INFO  BSP server: Downloaded https://repo1.maven.org/maven2/net/java/dev/jna/jna/4.5.2/jna-4.5.2.pom
2025.04.03 19:18:16 INFO  BSP server: Downloading https://repo1.maven.org/maven2/io/zipkin/zipkin-parent/2.27.0/zipkin-parent-2.27.0.pom
2025.04.03 19:18:16 INFO  BSP server: Downloaded https://repo1.maven.org/maven2/io/zipkin/zipkin-parent/2.27.0/zipkin-parent-2.27.0.pom
2025.04.03 19:18:16 INFO  BSP server: Downloading https://repo1.maven.org/maven2/org/scala-sbt/util-control_2.12/1.10.1/util-control_2.12-1.10.1.pom
2025.04.03 19:18:16 INFO  BSP server: Downloading https://repo1.maven.org/maven2/com/outr/scribe_2.12/3.5.5/scribe_2.12-3.5.5.pom
2025.04.03 19:18:16 INFO  BSP server: Downloading https://repo1.maven.org/maven2/org/scala-sbt/util-cache_2.12/1.10.0/util-cache_2.12-1.10.0.pom
2025.04.03 19:18:16 INFO  BSP server: Downloading https://repo1.maven.org/maven2/org/scalameta/common_2.12/4.9.9/common_2.12-4.9.9.pom
2025.04.03 19:18:16 INFO  BSP server: Downloading https://repo1.maven.org/maven2/org/scala-sbt/compiler-interface/1.10.2/compiler-interface-1.10.2.pom
2025.04.03 19:18:16 INFO  BSP server: Downloading https://repo1.maven.org/maven2/com/github/mwiede/jsch/0.2.17/jsch-0.2.17.pom
2025.04.03 19:18:17 INFO  BSP server: Downloaded https://repo1.maven.org/maven2/org/scala-sbt/util-control_2.12/1.10.1/util-control_2.12-1.10.1.pom
2025.04.03 19:18:17 INFO  BSP server: Downloading https://repo1.maven.org/maven2/org/typelevel/macro-compat_2.12/1.1.1/macro-compat_2.12-1.1.1.pom
2025.04.03 19:18:17 INFO  BSP server: Downloaded https://repo1.maven.org/maven2/org/scala-sbt/compiler-interface/1.10.2/compiler-interface-1.10.2.pom
2025.04.03 19:18:17 INFO  BSP server: Downloading https://repo1.maven.org/maven2/org/scala-sbt/zinc-classpath_2.12/1.10.2/zinc-classpath_2.12-1.10.2.pom
2025.04.03 19:18:17 INFO  BSP server: Downloaded https://repo1.maven.org/maven2/org/scalameta/common_2.12/4.9.9/common_2.12-4.9.9.pom
2025.04.03 19:18:17 INFO  BSP server: Downloading https://repo1.maven.org/maven2/org/typelevel/cats-core_2.12/2.1.1/cats-core_2.12-2.1.1.pom
2025.04.03 19:18:17 INFO  BSP server: Downloaded https://repo1.maven.org/maven2/org/scala-sbt/util-cache_2.12/1.10.0/util-cache_2.12-1.10.0.pom
2025.04.03 19:18:17 INFO  BSP server: Downloading https://repo1.maven.org/maven2/net/openhft/zero-allocation-hashing/0.16/zero-allocation-hashing-0.16.pom
2025.04.03 19:18:17 INFO  BSP server: Downloaded https://repo1.maven.org/maven2/com/outr/scribe_2.12/3.5.5/scribe_2.12-3.5.5.pom
2025.04.03 19:18:17 INFO  BSP server: Downloading https://repo1.maven.org/maven2/org/scala-sbt/launcher-interface/1.4.3/launcher-interface-1.4.3.pom
2025.04.03 19:18:17 INFO  BSP server: Downloaded https://repo1.maven.org/maven2/org/typelevel/macro-compat_2.12/1.1.1/macro-compat_2.12-1.1.1.pom
2025.04.03 19:18:17 INFO  BSP server: Downloading https://repo1.maven.org/maven2/org/scala-lang/modules/scala-xml_2.12/2.3.0/scala-xml_2.12-2.3.0.pom
2025.04.03 19:18:17 INFO  BSP server: Downloaded https://repo1.maven.org/maven2/org/scala-sbt/zinc-classpath_2.12/1.10.2/zinc-classpath_2.12-1.10.2.pom
2025.04.03 19:18:17 INFO  BSP server: Downloading https://repo1.maven.org/maven2/org/scala-lang/modules/scala-parser-combinators_2.12/1.1.2/scala-parser-combinators_2.12-1.1.2.pom
2025.04.03 19:18:17 INFO  BSP server: Downloaded https://repo1.maven.org/maven2/com/github/mwiede/jsch/0.2.17/jsch-0.2.17.pom
2025.04.03 19:18:17 INFO  BSP server: Downloading https://repo1.maven.org/maven2/org/scala-sbt/io_2.12/1.10.0/io_2.12-1.10.0.pom
2025.04.03 19:18:17 INFO  BSP server: Downloaded https://repo1.maven.org/maven2/org/scala-sbt/launcher-interface/1.4.3/launcher-interface-1.4.3.pom
2025.04.03 19:18:17 INFO  BSP server: Downloading https://repo1.maven.org/maven2/org/scala-lang/scala-compiler/2.12.20/scala-compiler-2.12.20.pom
2025.04.03 19:18:17 INFO  BSP server: Downloaded https://repo1.maven.org/maven2/net/openhft/zero-allocation-hashing/0.16/zero-allocation-hashing-0.16.pom
2025.04.03 19:18:17 INFO  BSP server: Downloading https://repo1.maven.org/maven2/com/google/errorprone/error_prone_annotations/2.27.0/error_prone_annotations-2.27.0.pom
2025.04.03 19:18:17 INFO  BSP server: Downloaded https://repo1.maven.org/maven2/org/typelevel/cats-core_2.12/2.1.1/cats-core_2.12-2.1.1.pom
2025.04.03 19:18:17 INFO  BSP server: Downloading https://repo1.maven.org/maven2/org/scala-sbt/util-position_2.12/1.10.0/util-position_2.12-1.10.0.pom
2025.04.03 19:18:17 INFO  BSP server: Downloaded https://repo1.maven.org/maven2/org/scala-lang/modules/scala-xml_2.12/2.3.0/scala-xml_2.12-2.3.0.pom
2025.04.03 19:18:17 INFO  BSP server: Downloaded https://repo1.maven.org/maven2/org/scala-lang/modules/scala-parser-combinators_2.12/1.1.2/scala-parser-combinators_2.12-1.1.2.pom
2025.04.03 19:18:17 INFO  BSP server: Downloading https://repo1.maven.org/maven2/org/scala-sbt/zinc-apiinfo_2.12/1.10.2/zinc-apiinfo_2.12-1.10.2.pom
2025.04.03 19:18:17 INFO  BSP server: Downloading https://repo1.maven.org/maven2/org/scala-sbt/zinc-persist-core-assembly/1.10.2/zinc-persist-core-assembly-1.10.2.pom
2025.04.03 19:18:17 INFO  BSP server: Downloaded https://repo1.maven.org/maven2/org/scala-sbt/io_2.12/1.10.0/io_2.12-1.10.0.pom
2025.04.03 19:18:17 INFO  BSP server: Downloading https://repo1.maven.org/maven2/com/eed3si9n/gigahorse-apache-http_2.12/0.7.0/gigahorse-apache-http_2.12-0.7.0.pom
2025.04.03 19:18:17 INFO  BSP server: Downloaded https://repo1.maven.org/maven2/com/google/errorprone/error_prone_annotations/2.27.0/error_prone_annotations-2.27.0.pom
2025.04.03 19:18:17 INFO  BSP server: Downloading https://repo1.maven.org/maven2/org/scala-sbt/sbinary_2.12/0.5.1/sbinary_2.12-0.5.1.pom
2025.04.03 19:18:17 INFO  BSP server: Downloaded https://repo1.maven.org/maven2/org/scala-sbt/zinc-apiinfo_2.12/1.10.2/zinc-apiinfo_2.12-1.10.2.pom
2025.04.03 19:18:17 INFO  BSP server: Downloaded https://repo1.maven.org/maven2/org/scala-lang/scala-compiler/2.12.20/scala-compiler-2.12.20.pom
2025.04.03 19:18:17 INFO  BSP server: Downloading https://repo1.maven.org/maven2/org/scala-sbt/util-relation_2.12/1.10.1/util-relation_2.12-1.10.1.pom
2025.04.03 19:18:17 INFO  BSP server: Downloading https://repo1.maven.org/maven2/org/scala-sbt/util-logging_2.12/1.10.1/util-logging_2.12-1.10.1.pom
2025.04.03 19:18:17 INFO  BSP server: Downloaded https://repo1.maven.org/maven2/org/scala-sbt/util-position_2.12/1.10.0/util-position_2.12-1.10.0.pom
2025.04.03 19:18:17 INFO  BSP server: Downloaded https://repo1.maven.org/maven2/org/scala-sbt/zinc-persist-core-assembly/1.10.2/zinc-persist-core-assembly-1.10.2.pom
2025.04.03 19:18:17 INFO  BSP server: Downloaded https://repo1.maven.org/maven2/com/eed3si9n/gigahorse-apache-http_2.12/0.7.0/gigahorse-apache-http_2.12-0.7.0.pom
2025.04.03 19:18:17 INFO  BSP server: Downloaded https://repo1.maven.org/maven2/org/scala-sbt/sbinary_2.12/0.5.1/sbinary_2.12-0.5.1.pom
2025.04.03 19:18:17 INFO  BSP server: Downloaded https://repo1.maven.org/maven2/org/scala-sbt/util-relation_2.12/1.10.1/util-relation_2.12-1.10.1.pom
2025.04.03 19:18:17 INFO  BSP server: Downloaded https://repo1.maven.org/maven2/org/scala-sbt/util-logging_2.12/1.10.1/util-logging_2.12-1.10.1.pom
2025.04.03 19:18:17 INFO  BSP server: Downloading https://repo1.maven.org/maven2/net/openhft/java-parent-pom/1.1.28/java-parent-pom-1.1.28.pom
2025.04.03 19:18:17 INFO  BSP server: Downloading https://repo1.maven.org/maven2/com/google/errorprone/error_prone_parent/2.27.0/error_prone_parent-2.27.0.pom
2025.04.03 19:18:17 INFO  BSP server: Downloaded https://repo1.maven.org/maven2/com/google/errorprone/error_prone_parent/2.27.0/error_prone_parent-2.27.0.pom
2025.04.03 19:18:17 INFO  BSP server: Downloaded https://repo1.maven.org/maven2/net/openhft/java-parent-pom/1.1.28/java-parent-pom-1.1.28.pom
2025.04.03 19:18:17 INFO  BSP server: Downloading https://repo1.maven.org/maven2/net/openhft/root-parent-pom/1.2.12/root-parent-pom-1.2.12.pom
2025.04.03 19:18:17 INFO  BSP server: Downloaded https://repo1.maven.org/maven2/net/openhft/root-parent-pom/1.2.12/root-parent-pom-1.2.12.pom
2025.04.03 19:18:17 INFO  BSP server: Downloading https://repo1.maven.org/maven2/com/lmax/disruptor/3.4.2/disruptor-3.4.2.pom
2025.04.03 19:18:17 INFO  BSP server: Downloading https://repo1.maven.org/maven2/com/outr/moduload_2.12/1.1.5/moduload_2.12-1.1.5.pom
2025.04.03 19:18:17 INFO  BSP server: Downloading https://repo1.maven.org/maven2/com/eed3si9n/sjson-new-scalajson_2.12/0.10.1/sjson-new-scalajson_2.12-0.10.1.pom
2025.04.03 19:18:17 INFO  BSP server: Downloading https://repo1.maven.org/maven2/org/scala-sbt/core-macros_2.12/1.10.1/core-macros_2.12-1.10.1.pom
2025.04.03 19:18:17 INFO  BSP server: Downloading https://repo1.maven.org/maven2/net/java/dev/jna/jna-platform/5.13.0/jna-platform-5.13.0.pom
2025.04.03 19:18:17 INFO  BSP server: Downloading https://repo1.maven.org/maven2/org/jline/jline-terminal-jansi/3.24.1/jline-terminal-jansi-3.24.1.pom
2025.04.03 19:18:17 INFO  BSP server: Downloaded https://repo1.maven.org/maven2/com/lmax/disruptor/3.4.2/disruptor-3.4.2.pom
2025.04.03 19:18:17 INFO  BSP server: Downloading https://repo1.maven.org/maven2/com/outr/perfolation_2.12/1.2.8/perfolation_2.12-1.2.8.pom
2025.04.03 19:18:17 INFO  BSP server: Downloaded https://repo1.maven.org/maven2/net/java/dev/jna/jna-platform/5.13.0/jna-platform-5.13.0.pom
2025.04.03 19:18:17 INFO  BSP server: Downloading https://repo1.maven.org/maven2/com/eed3si9n/shaded-apache-httpasyncclient/0.7.0/shaded-apache-httpasyncclient-0.7.0.pom
2025.04.03 19:18:17 INFO  BSP server: Downloaded https://repo1.maven.org/maven2/com/outr/moduload_2.12/1.1.5/moduload_2.12-1.1.5.pom
2025.04.03 19:18:17 INFO  BSP server: Downloading https://repo1.maven.org/maven2/org/jline/jline-terminal/3.24.1/jline-terminal-3.24.1.pom
2025.04.03 19:18:17 INFO  BSP server: Downloaded https://repo1.maven.org/maven2/org/scala-sbt/core-macros_2.12/1.10.1/core-macros_2.12-1.10.1.pom
2025.04.03 19:18:17 INFO  BSP server: Downloading https://repo1.maven.org/maven2/org/scala-sbt/util-interface/1.10.1/util-interface-1.10.1.pom
2025.04.03 19:18:17 INFO  BSP server: Downloaded https://repo1.maven.org/maven2/com/eed3si9n/sjson-new-scalajson_2.12/0.10.1/sjson-new-scalajson_2.12-0.10.1.pom
2025.04.03 19:18:17 INFO  BSP server: Downloading https://repo1.maven.org/maven2/org/typelevel/cats-kernel_2.12/2.1.1/cats-kernel_2.12-2.1.1.pom
2025.04.03 19:18:17 INFO  BSP server: Downloaded https://repo1.maven.org/maven2/com/outr/perfolation_2.12/1.2.8/perfolation_2.12-1.2.8.pom
2025.04.03 19:18:17 INFO  BSP server: Downloading https://repo1.maven.org/maven2/org/scala-sbt/collections_2.12/1.10.1/collections_2.12-1.10.1.pom
2025.04.03 19:18:17 INFO  BSP server: Downloaded https://repo1.maven.org/maven2/org/jline/jline-terminal/3.24.1/jline-terminal-3.24.1.pom
2025.04.03 19:18:17 INFO  BSP server: Downloading https://repo1.maven.org/maven2/org/typelevel/cats-macros_2.12/2.1.1/cats-macros_2.12-2.1.1.pom
2025.04.03 19:18:17 INFO  BSP server: Downloaded https://repo1.maven.org/maven2/org/jline/jline-terminal-jansi/3.24.1/jline-terminal-jansi-3.24.1.pom
2025.04.03 19:18:17 INFO  BSP server: Downloading https://repo1.maven.org/maven2/com/eed3si9n/gigahorse-core_2.12/0.7.0/gigahorse-core_2.12-0.7.0.pom
2025.04.03 19:18:17 INFO  BSP server: Downloaded https://repo1.maven.org/maven2/org/typelevel/cats-macros_2.12/2.1.1/cats-macros_2.12-2.1.1.pom
2025.04.03 19:18:17 INFO  BSP server: Downloading https://repo1.maven.org/maven2/com/eed3si9n/sjson-new-murmurhash_2.12/0.9.1/sjson-new-murmurhash_2.12-0.9.1.pom
2025.04.03 19:18:17 INFO  BSP server: Downloaded https://repo1.maven.org/maven2/com/eed3si9n/shaded-apache-httpasyncclient/0.7.0/shaded-apache-httpasyncclient-0.7.0.pom
2025.04.03 19:18:17 INFO  BSP server: Downloading https://repo1.maven.org/maven2/net/java/dev/jna/jna/5.13.0/jna-5.13.0.pom
2025.04.03 19:18:17 INFO  BSP server: Downloaded https://repo1.maven.org/maven2/org/scala-sbt/collections_2.12/1.10.1/collections_2.12-1.10.1.pom
2025.04.03 19:18:17 INFO  BSP server: Downloading https://repo1.maven.org/maven2/org/jline/jline-terminal-jna/3.24.1/jline-terminal-jna-3.24.1.pom
2025.04.03 19:18:17 INFO  BSP server: Downloaded https://repo1.maven.org/maven2/org/typelevel/cats-kernel_2.12/2.1.1/cats-kernel_2.12-2.1.1.pom
2025.04.03 19:18:17 INFO  BSP server: Downloaded https://repo1.maven.org/maven2/org/scala-sbt/util-interface/1.10.1/util-interface-1.10.1.pom
2025.04.03 19:18:17 INFO  BSP server: Downloading https://repo1.maven.org/maven2/org/scala-sbt/compiler-bridge_2.12/1.10.2/compiler-bridge_2.12-1.10.2.pom
2025.04.03 19:18:17 INFO  BSP server: Downloaded https://repo1.maven.org/maven2/com/eed3si9n/sjson-new-murmurhash_2.12/0.9.1/sjson-new-murmurhash_2.12-0.9.1.pom
2025.04.03 19:18:17 INFO  BSP server: Downloading https://repo1.maven.org/maven2/org/scala-sbt/jline/jline/2.14.7-sbt-9c3b6aca11c57e339441442bbf58e550cdfecb79/jline-2.14.7-sbt-9c3b6aca11c57e339441442bbf58e550cdfecb79.pom
2025.04.03 19:18:17 INFO  BSP server: Downloaded https://repo1.maven.org/maven2/com/eed3si9n/gigahorse-core_2.12/0.7.0/gigahorse-core_2.12-0.7.0.pom
2025.04.03 19:18:17 INFO  BSP server: Downloaded https://repo1.maven.org/maven2/net/java/dev/jna/jna/5.13.0/jna-5.13.0.pom
2025.04.03 19:18:17 INFO  BSP server: Downloaded https://repo1.maven.org/maven2/org/jline/jline-terminal-jna/3.24.1/jline-terminal-jna-3.24.1.pom
2025.04.03 19:18:17 INFO  BSP server: Downloaded https://repo1.maven.org/maven2/org/scala-sbt/compiler-bridge_2.12/1.10.2/compiler-bridge_2.12-1.10.2.pom
2025.04.03 19:18:17 INFO  BSP server: Downloaded https://repo1.maven.org/maven2/org/scala-sbt/jline/jline/2.14.7-sbt-9c3b6aca11c57e339441442bbf58e550cdfecb79/jline-2.14.7-sbt-9c3b6aca11c57e339441442bbf58e550cdfecb79.pom
2025.04.03 19:18:18 INFO  BSP server: Downloading https://repo1.maven.org/maven2/org/jline/jline-parent/3.24.1/jline-parent-3.24.1.pom
2025.04.03 19:18:18 INFO  BSP server: Downloaded https://repo1.maven.org/maven2/org/jline/jline-parent/3.24.1/jline-parent-3.24.1.pom
2025.04.03 19:18:18 INFO  BSP server: Downloading https://repo1.maven.org/maven2/com/typesafe/ssl-config-core_2.12/0.6.1/ssl-config-core_2.12-0.6.1.pom
2025.04.03 19:18:18 INFO  BSP server: Downloading https://repo1.maven.org/maven2/org/jline/jline-native/3.24.1/jline-native-3.24.1.pom
2025.04.03 19:18:18 INFO  BSP server: Downloading https://repo1.maven.org/maven2/com/eed3si9n/sjson-new-core_2.12/0.10.1/sjson-new-core_2.12-0.10.1.pom
2025.04.03 19:18:18 INFO  BSP server: Downloading https://repo1.maven.org/maven2/org/scala-sbt/util-position_2.12/1.10.1/util-position_2.12-1.10.1.pom
2025.04.03 19:18:18 INFO  BSP server: Downloading https://repo1.maven.org/maven2/com/eed3si9n/shaded-jawn-parser_2.12/1.3.2/shaded-jawn-parser_2.12-1.3.2.pom
2025.04.03 19:18:18 INFO  BSP server: Downloading https://repo1.maven.org/maven2/com/eed3si9n/shaded-scalajson_2.12/1.0.0-M4/shaded-scalajson_2.12-1.0.0-M4.pom
2025.04.03 19:18:18 INFO  BSP server: Downloaded https://repo1.maven.org/maven2/com/eed3si9n/sjson-new-core_2.12/0.10.1/sjson-new-core_2.12-0.10.1.pom
2025.04.03 19:18:18 INFO  BSP server: Downloaded https://repo1.maven.org/maven2/com/typesafe/ssl-config-core_2.12/0.6.1/ssl-config-core_2.12-0.6.1.pom
2025.04.03 19:18:18 INFO  BSP server: Downloaded https://repo1.maven.org/maven2/org/scala-sbt/util-position_2.12/1.10.1/util-position_2.12-1.10.1.pom
2025.04.03 19:18:18 INFO  BSP server: Downloaded https://repo1.maven.org/maven2/org/jline/jline-native/3.24.1/jline-native-3.24.1.pom
2025.04.03 19:18:18 INFO  BSP server: Downloaded https://repo1.maven.org/maven2/com/eed3si9n/shaded-scalajson_2.12/1.0.0-M4/shaded-scalajson_2.12-1.0.0-M4.pom
2025.04.03 19:18:18 INFO  BSP server: Downloaded https://repo1.maven.org/maven2/com/eed3si9n/shaded-jawn-parser_2.12/1.3.2/shaded-jawn-parser_2.12-1.3.2.pom
2025.04.03 19:18:18 INFO  BSP server: Downloading https://repo1.maven.org/maven2/com/eed3si9n/sjson-new-scalajson_2.12/0.10.1/sjson-new-scalajson_2.12-0.10.1.jar
2025.04.03 19:18:18 INFO  BSP server: Downloading https://repo1.maven.org/maven2/org/slf4j/slf4j-api/2.0.15/slf4j-api-2.0.15.jar
2025.04.03 19:18:18 INFO  BSP server: Downloading https://repo1.maven.org/maven2/org/typelevel/cats-macros_2.12/2.1.1/cats-macros_2.12-2.1.1.jar
2025.04.03 19:18:18 INFO  BSP server: Downloading https://repo1.maven.org/maven2/com/eed3si9n/sjson-new-core_2.12/0.10.1/sjson-new-core_2.12-0.10.1.jar
2025.04.03 19:18:18 INFO  BSP server: Downloading https://repo1.maven.org/maven2/org/scala-sbt/zinc-compile-core_2.12/1.10.2/zinc-compile-core_2.12-1.10.2.jar
2025.04.03 19:18:18 INFO  BSP server: Downloading https://repo1.maven.org/maven2/com/github/mwiede/jsch/0.2.17/jsch-0.2.17.jar
2025.04.03 19:18:18 INFO  BSP server: Downloaded https://repo1.maven.org/maven2/org/typelevel/cats-macros_2.12/2.1.1/cats-macros_2.12-2.1.1.jar
2025.04.03 19:18:18 INFO  BSP server: Downloading https://repo1.maven.org/maven2/org/scala-sbt/util-cache_2.12/1.10.0/util-cache_2.12-1.10.0.jar
2025.04.03 19:18:18 INFO  BSP server: Downloaded https://repo1.maven.org/maven2/com/eed3si9n/sjson-new-scalajson_2.12/0.10.1/sjson-new-scalajson_2.12-0.10.1.jar
2025.04.03 19:18:18 INFO  BSP server: Downloading https://repo1.maven.org/maven2/org/jctools/jctools-core/2.1.2/jctools-core-2.1.2.jar
2025.04.03 19:18:18 INFO  BSP server: Downloaded https://repo1.maven.org/maven2/org/slf4j/slf4j-api/2.0.15/slf4j-api-2.0.15.jar
2025.04.03 19:18:18 INFO  BSP server: Downloading https://repo1.maven.org/maven2/org/scala-sbt/zinc-apiinfo_2.12/1.10.2/zinc-apiinfo_2.12-1.10.2.jar
2025.04.03 19:18:18 INFO  BSP server: Downloaded https://repo1.maven.org/maven2/org/scala-sbt/zinc-compile-core_2.12/1.10.2/zinc-compile-core_2.12-1.10.2.jar
2025.04.03 19:18:18 INFO  BSP server: Downloading https://repo1.maven.org/maven2/org/scala-sbt/core-macros_2.12/1.10.1/core-macros_2.12-1.10.1.jar
2025.04.03 19:18:18 INFO  BSP server: Downloaded https://repo1.maven.org/maven2/com/eed3si9n/sjson-new-core_2.12/0.10.1/sjson-new-core_2.12-0.10.1.jar
2025.04.03 19:18:18 INFO  BSP server: Downloading https://repo1.maven.org/maven2/io/zipkin/reporter2/zipkin-reporter-brave/2.17.2/zipkin-reporter-brave-2.17.2.jar
2025.04.03 19:18:18 INFO  BSP server: Downloaded https://repo1.maven.org/maven2/com/github/mwiede/jsch/0.2.17/jsch-0.2.17.jar
2025.04.03 19:18:18 INFO  BSP server: Downloading https://repo1.maven.org/maven2/org/scala-sbt/zinc_2.12/1.10.2/zinc_2.12-1.10.2.jar
2025.04.03 19:18:18 INFO  BSP server: Downloaded https://repo1.maven.org/maven2/org/jctools/jctools-core/2.1.2/jctools-core-2.1.2.jar
2025.04.03 19:18:18 INFO  BSP server: Downloading https://repo1.maven.org/maven2/org/scala-sbt/collections_2.12/1.10.1/collections_2.12-1.10.1.jar
2025.04.03 19:18:18 INFO  BSP server: Downloaded https://repo1.maven.org/maven2/org/scala-sbt/util-cache_2.12/1.10.0/util-cache_2.12-1.10.0.jar
2025.04.03 19:18:18 INFO  BSP server: Downloading https://repo1.maven.org/maven2/org/scala-sbt/jline/jline/2.14.7-sbt-9c3b6aca11c57e339441442bbf58e550cdfecb79/jline-2.14.7-sbt-9c3b6aca11c57e339441442bbf58e550cdfecb79.jar
2025.04.03 19:18:18 INFO  BSP server: Downloaded https://repo1.maven.org/maven2/org/scala-sbt/zinc-apiinfo_2.12/1.10.2/zinc-apiinfo_2.12-1.10.2.jar
2025.04.03 19:18:18 INFO  BSP server: Downloading https://repo1.maven.org/maven2/org/typelevel/cats-core_2.12/2.1.1/cats-core_2.12-2.1.1.jar
2025.04.03 19:18:18 INFO  BSP server: Downloaded https://repo1.maven.org/maven2/org/scala-sbt/core-macros_2.12/1.10.1/core-macros_2.12-1.10.1.jar
2025.04.03 19:18:18 INFO  BSP server: Downloading https://repo1.maven.org/maven2/io/get-coursier/interface/1.0.21/interface-1.0.21.jar
2025.04.03 19:18:18 INFO  BSP server: Downloaded https://repo1.maven.org/maven2/org/scala-sbt/zinc_2.12/1.10.2/zinc_2.12-1.10.2.jar
2025.04.03 19:18:18 INFO  BSP server: Downloading https://repo1.maven.org/maven2/org/scala-sbt/zinc-persist-core-assembly/1.10.2/zinc-persist-core-assembly-1.10.2.jar
2025.04.03 19:18:18 INFO  BSP server: Downloaded https://repo1.maven.org/maven2/io/zipkin/reporter2/zipkin-reporter-brave/2.17.2/zipkin-reporter-brave-2.17.2.jar
2025.04.03 19:18:18 INFO  BSP server: Downloading https://repo1.maven.org/maven2/org/scala-sbt/zinc-persist_2.12/1.10.2/zinc-persist_2.12-1.10.2.jar
2025.04.03 19:18:18 INFO  BSP server: Downloaded https://repo1.maven.org/maven2/org/scala-sbt/collections_2.12/1.10.1/collections_2.12-1.10.1.jar
2025.04.03 19:18:18 INFO  BSP server: Downloading https://repo1.maven.org/maven2/org/scala-sbt/zinc-core_2.12/1.10.2/zinc-core_2.12-1.10.2.jar
2025.04.03 19:18:18 INFO  BSP server: Downloaded https://repo1.maven.org/maven2/org/scala-sbt/jline/jline/2.14.7-sbt-9c3b6aca11c57e339441442bbf58e550cdfecb79/jline-2.14.7-sbt-9c3b6aca11c57e339441442bbf58e550cdfecb79.jar
2025.04.03 19:18:18 INFO  BSP server: Downloading https://repo1.maven.org/maven2/org/zeroturnaround/zt-zip/1.17/zt-zip-1.17.jar
2025.04.03 19:18:18 INFO  BSP server: Downloaded https://repo1.maven.org/maven2/org/scala-sbt/zinc-persist_2.12/1.10.2/zinc-persist_2.12-1.10.2.jar
2025.04.03 19:18:18 INFO  BSP server: Downloading https://repo1.maven.org/maven2/com/outr/perfolation_2.12/1.2.8/perfolation_2.12-1.2.8.jar
2025.04.03 19:18:19 INFO  BSP server: Downloaded https://repo1.maven.org/maven2/org/zeroturnaround/zt-zip/1.17/zt-zip-1.17.jar
2025.04.03 19:18:19 INFO  BSP server: Downloading https://repo1.maven.org/maven2/org/scalameta/common_2.12/4.9.9/common_2.12-4.9.9.jar
2025.04.03 19:18:19 INFO  BSP server: Downloaded https://repo1.maven.org/maven2/org/scala-sbt/zinc-core_2.12/1.10.2/zinc-core_2.12-1.10.2.jar
2025.04.03 19:18:19 INFO  BSP server: Downloading https://repo1.maven.org/maven2/com/lihaoyi/fansi_2.12/0.5.0/fansi_2.12-0.5.0.jar
2025.04.03 19:18:19 INFO  BSP server: Downloaded https://repo1.maven.org/maven2/com/outr/perfolation_2.12/1.2.8/perfolation_2.12-1.2.8.jar
2025.04.03 19:18:19 INFO  BSP server: Downloading https://repo1.maven.org/maven2/org/scala-sbt/librarymanagement-core_2.12/1.10.1/librarymanagement-core_2.12-1.10.1.jar
2025.04.03 19:18:19 INFO  BSP server: Downloaded https://repo1.maven.org/maven2/com/lihaoyi/fansi_2.12/0.5.0/fansi_2.12-0.5.0.jar
2025.04.03 19:18:19 INFO  BSP server: Downloading https://repo1.maven.org/maven2/io/zipkin/reporter2/zipkin-reporter/2.17.2/zipkin-reporter-2.17.2.jar
2025.04.03 19:18:19 INFO  BSP server: Downloaded https://repo1.maven.org/maven2/org/scala-sbt/zinc-persist-core-assembly/1.10.2/zinc-persist-core-assembly-1.10.2.jar
2025.04.03 19:18:19 INFO  BSP server: Downloading https://repo1.maven.org/maven2/org/scala-sbt/test-agent/1.10.2/test-agent-1.10.2.jar
2025.04.03 19:18:19 INFO  BSP server: Downloaded https://repo1.maven.org/maven2/org/scala-sbt/librarymanagement-core_2.12/1.10.1/librarymanagement-core_2.12-1.10.1.jar
2025.04.03 19:18:19 INFO  BSP server: Downloading https://repo1.maven.org/maven2/org/scala-sbt/util-control_2.12/1.10.1/util-control_2.12-1.10.1.jar
2025.04.03 19:18:19 INFO  BSP server: Downloaded https://repo1.maven.org/maven2/io/zipkin/reporter2/zipkin-reporter/2.17.2/zipkin-reporter-2.17.2.jar
2025.04.03 19:18:19 INFO  BSP server: Downloading https://repo1.maven.org/maven2/org/apache/logging/log4j/log4j-api/2.23.0/log4j-api-2.23.0.jar
2025.04.03 19:18:19 INFO  BSP server: Downloaded https://repo1.maven.org/maven2/org/scalameta/common_2.12/4.9.9/common_2.12-4.9.9.jar
2025.04.03 19:18:19 INFO  BSP server: Downloading https://repo1.maven.org/maven2/ch/epfl/scala/bsp4s_2.12/2.1.1/bsp4s_2.12-2.1.1.jar
2025.04.03 19:18:19 INFO  BSP server: Downloaded https://repo1.maven.org/maven2/org/scala-sbt/test-agent/1.10.2/test-agent-1.10.2.jar
2025.04.03 19:18:19 INFO  BSP server: Downloading https://repo1.maven.org/maven2/org/typelevel/cats-kernel_2.12/2.1.1/cats-kernel_2.12-2.1.1.jar
2025.04.03 19:18:19 INFO  BSP server: Downloaded https://repo1.maven.org/maven2/org/scala-sbt/util-control_2.12/1.10.1/util-control_2.12-1.10.1.jar
2025.04.03 19:18:19 INFO  BSP server: Downloading https://repo1.maven.org/maven2/org/scalameta/parsers_2.12/4.9.9/parsers_2.12-4.9.9.jar
2025.04.03 19:18:19 INFO  BSP server: Downloaded https://repo1.maven.org/maven2/org/apache/logging/log4j/log4j-api/2.23.0/log4j-api-2.23.0.jar
2025.04.03 19:18:19 INFO  BSP server: Downloading https://repo1.maven.org/maven2/ch/epfl/scala/libdaemon_2.12/0.0.12/libdaemon_2.12-0.0.12.jar
2025.04.03 19:18:19 INFO  BSP server: Downloaded https://repo1.maven.org/maven2/org/scalameta/parsers_2.12/4.9.9/parsers_2.12-4.9.9.jar
2025.04.03 19:18:19 INFO  BSP server: Downloading https://repo1.maven.org/maven2/org/apache/logging/log4j/log4j-core/2.23.0/log4j-core-2.23.0.jar
2025.04.03 19:18:19 INFO  BSP server: Downloaded https://repo1.maven.org/maven2/ch/epfl/scala/bsp4s_2.12/2.1.1/bsp4s_2.12-2.1.1.jar
2025.04.03 19:18:19 INFO  BSP server: Downloading https://repo1.maven.org/maven2/org/scala-sbt/util-position_2.12/1.10.1/util-position_2.12-1.10.1.jar
2025.04.03 19:18:19 INFO  BSP server: Downloaded https://repo1.maven.org/maven2/ch/epfl/scala/libdaemon_2.12/0.0.12/libdaemon_2.12-0.0.12.jar
2025.04.03 19:18:19 INFO  BSP server: Downloading https://repo1.maven.org/maven2/io/monix/monix-reactive_2.12/3.2.0/monix-reactive_2.12-3.2.0.jar
2025.04.03 19:18:19 INFO  BSP server: Downloaded https://repo1.maven.org/maven2/org/scala-sbt/util-position_2.12/1.10.1/util-position_2.12-1.10.1.jar
2025.04.03 19:18:19 INFO  BSP server: Downloading https://repo1.maven.org/maven2/org/typelevel/macro-compat_2.12/1.1.1/macro-compat_2.12-1.1.1.jar
2025.04.03 19:18:19 INFO  BSP server: Downloaded https://repo1.maven.org/maven2/org/typelevel/cats-core_2.12/2.1.1/cats-core_2.12-2.1.1.jar
2025.04.03 19:18:19 INFO  BSP server: Downloading https://repo1.maven.org/maven2/org/scala-sbt/io_2.12/1.10.0/io_2.12-1.10.0.jar
2025.04.03 19:18:19 INFO  BSP server: Downloaded https://repo1.maven.org/maven2/io/monix/monix-reactive_2.12/3.2.0/monix-reactive_2.12-3.2.0.jar
2025.04.03 19:18:19 INFO  BSP server: Downloading https://repo1.maven.org/maven2/org/scala-sbt/launcher-interface/1.4.3/launcher-interface-1.4.3.jar
2025.04.03 19:18:19 INFO  BSP server: Downloaded https://repo1.maven.org/maven2/org/typelevel/macro-compat_2.12/1.1.1/macro-compat_2.12-1.1.1.jar
2025.04.03 19:18:19 INFO  BSP server: Downloading https://repo1.maven.org/maven2/org/scala-lang/scala-compiler/2.12.20/scala-compiler-2.12.20.jar
2025.04.03 19:18:19 INFO  BSP server: Downloaded https://repo1.maven.org/maven2/org/scala-sbt/launcher-interface/1.4.3/launcher-interface-1.4.3.jar
2025.04.03 19:18:19 INFO  BSP server: Downloading https://repo1.maven.org/maven2/com/outr/scribe_2.12/3.5.5/scribe_2.12-3.5.5.jar
2025.04.03 19:18:19 INFO  BSP server: Downloaded https://repo1.maven.org/maven2/org/apache/logging/log4j/log4j-core/2.23.0/log4j-core-2.23.0.jar
2025.04.03 19:18:19 INFO  BSP server: Downloading https://repo1.maven.org/maven2/io/monix/monix-tail_2.12/3.2.0/monix-tail_2.12-3.2.0.jar
2025.04.03 19:18:20 INFO  BSP server: Downloaded https://repo1.maven.org/maven2/org/typelevel/cats-kernel_2.12/2.1.1/cats-kernel_2.12-2.1.1.jar
2025.04.03 19:18:20 INFO  BSP server: Downloading https://repo1.maven.org/maven2/io/monix/monix-eval_2.12/3.2.0/monix-eval_2.12-3.2.0.jar
2025.04.03 19:18:20 INFO  BSP server: Downloaded https://repo1.maven.org/maven2/org/scala-sbt/io_2.12/1.10.0/io_2.12-1.10.0.jar
2025.04.03 19:18:20 INFO  BSP server: Downloading https://repo1.maven.org/maven2/ch/epfl/scala/bloop-frontend_2.12/2.0.3/bloop-frontend_2.12-2.0.3.jar
2025.04.03 19:18:20 INFO  BSP server: Downloaded https://repo1.maven.org/maven2/com/outr/scribe_2.12/3.5.5/scribe_2.12-3.5.5.jar
2025.04.03 19:18:20 INFO  BSP server: Downloading https://repo1.maven.org/maven2/org/jline/jline-terminal-jna/3.24.1/jline-terminal-jna-3.24.1.jar
2025.04.03 19:18:20 INFO  BSP server: Downloaded https://repo1.maven.org/maven2/org/jline/jline-terminal-jna/3.24.1/jline-terminal-jna-3.24.1.jar
2025.04.03 19:18:20 INFO  BSP server: Downloading https://repo1.maven.org/maven2/org/scala-sbt/util-logging_2.12/1.10.1/util-logging_2.12-1.10.1.jar
2025.04.03 19:18:20 INFO  BSP server: Downloaded https://repo1.maven.org/maven2/io/monix/monix-tail_2.12/3.2.0/monix-tail_2.12-3.2.0.jar
2025.04.03 19:18:20 INFO  BSP server: Downloading https://repo1.maven.org/maven2/org/scala-sbt/zinc-classpath_2.12/1.10.2/zinc-classpath_2.12-1.10.2.jar
2025.04.03 19:18:20 INFO  BSP server: Downloaded https://repo1.maven.org/maven2/org/scala-sbt/zinc-classpath_2.12/1.10.2/zinc-classpath_2.12-1.10.2.jar
2025.04.03 19:18:20 INFO  BSP server: Downloading https://repo1.maven.org/maven2/org/scala-sbt/compiler-bridge_2.12/1.10.2/compiler-bridge_2.12-1.10.2.jar
2025.04.03 19:18:20 INFO  BSP server: Downloaded https://repo1.maven.org/maven2/io/monix/monix-eval_2.12/3.2.0/monix-eval_2.12-3.2.0.jar
2025.04.03 19:18:20 INFO  BSP server: Downloading https://repo1.maven.org/maven2/com/eed3si9n/gigahorse-core_2.12/0.7.0/gigahorse-core_2.12-0.7.0.jar
2025.04.03 19:18:20 INFO  BSP server: Downloaded https://repo1.maven.org/maven2/org/scala-sbt/util-logging_2.12/1.10.1/util-logging_2.12-1.10.1.jar
2025.04.03 19:18:20 INFO  BSP server: Downloading https://repo1.maven.org/maven2/com/chuusai/shapeless_2.12/2.3.3/shapeless_2.12-2.3.3.jar
2025.04.03 19:18:20 INFO  BSP server: Downloaded https://repo1.maven.org/maven2/com/eed3si9n/gigahorse-core_2.12/0.7.0/gigahorse-core_2.12-0.7.0.jar
2025.04.03 19:18:20 INFO  BSP server: Downloading https://repo1.maven.org/maven2/net/java/dev/jna/jna-platform/5.13.0/jna-platform-5.13.0.jar
2025.04.03 19:18:20 INFO  BSP server: Downloaded https://repo1.maven.org/maven2/org/scala-sbt/compiler-bridge_2.12/1.10.2/compiler-bridge_2.12-1.10.2.jar
2025.04.03 19:18:20 INFO  BSP server: Downloading https://repo1.maven.org/maven2/com/github/plokhotnyuk/jsoniter-scala/jsoniter-scala-macros_2.12/2.13.3.2/jsoniter-scala-macros_2.12-2.13.3.2.jar
2025.04.03 19:18:20 INFO  BSP server: Downloaded https://repo1.maven.org/maven2/ch/epfl/scala/bloop-frontend_2.12/2.0.3/bloop-frontend_2.12-2.0.3.jar
2025.04.03 19:18:20 INFO  BSP server: Downloading https://repo1.maven.org/maven2/com/eed3si9n/sjson-new-murmurhash_2.12/0.9.1/sjson-new-murmurhash_2.12-0.9.1.jar
2025.04.03 19:18:20 INFO  BSP server: Downloaded https://repo1.maven.org/maven2/org/scala-lang/scala-compiler/2.12.20/scala-compiler-2.12.20.jar
2025.04.03 19:18:20 INFO  BSP server: Downloading https://repo1.maven.org/maven2/org/scala-lang/modules/scala-parser-combinators_2.12/1.1.2/scala-parser-combinators_2.12-1.1.2.jar
2025.04.03 19:18:20 INFO  BSP server: Downloaded https://repo1.maven.org/maven2/com/eed3si9n/sjson-new-murmurhash_2.12/0.9.1/sjson-new-murmurhash_2.12-0.9.1.jar
2025.04.03 19:18:20 INFO  BSP server: Downloading https://repo1.maven.org/maven2/io/monix/monix_2.12/3.2.0/monix_2.12-3.2.0.jar
2025.04.03 19:18:20 INFO  BSP server: Downloaded https://repo1.maven.org/maven2/com/github/plokhotnyuk/jsoniter-scala/jsoniter-scala-macros_2.12/2.13.3.2/jsoniter-scala-macros_2.12-2.13.3.2.jar
2025.04.03 19:18:20 INFO  BSP server: Downloading https://repo1.maven.org/maven2/com/github/alexarchambault/case-app-util_2.12/2.0.6/case-app-util_2.12-2.0.6.jar
2025.04.03 19:18:20 INFO  BSP server: Downloaded https://repo1.maven.org/maven2/org/scala-lang/modules/scala-parser-combinators_2.12/1.1.2/scala-parser-combinators_2.12-1.1.2.jar
2025.04.03 19:18:20 INFO  BSP server: Downloading https://repo1.maven.org/maven2/ch/epfl/scala/bloop-backend_2.12/2.0.3/bloop-backend_2.12-2.0.3.jar
2025.04.03 19:18:20 INFO  BSP server: Downloaded https://repo1.maven.org/maven2/io/monix/monix_2.12/3.2.0/monix_2.12-3.2.0.jar
2025.04.03 19:18:20 INFO  BSP server: Downloading https://repo1.maven.org/maven2/ch/epfl/scala/scala-debug-adapter_2.12/4.2.1/scala-debug-adapter_2.12-4.2.1.jar
2025.04.03 19:18:20 INFO  BSP server: Downloaded https://repo1.maven.org/maven2/com/github/alexarchambault/case-app-util_2.12/2.0.6/case-app-util_2.12-2.0.6.jar
2025.04.03 19:18:20 INFO  BSP server: Downloading https://repo1.maven.org/maven2/com/eed3si9n/shaded-scalajson_2.12/1.0.0-M4/shaded-scalajson_2.12-1.0.0-M4.jar
2025.04.03 19:18:20 INFO  BSP server: Downloaded https://repo1.maven.org/maven2/net/java/dev/jna/jna-platform/5.13.0/jna-platform-5.13.0.jar
2025.04.03 19:18:20 INFO  BSP server: Downloading https://repo1.maven.org/maven2/net/jpountz/lz4/lz4/1.3.0/lz4-1.3.0.jar
2025.04.03 19:18:20 INFO  BSP server: Downloaded https://repo1.maven.org/maven2/com/eed3si9n/shaded-scalajson_2.12/1.0.0-M4/shaded-scalajson_2.12-1.0.0-M4.jar
2025.04.03 19:18:20 INFO  BSP server: Downloading https://repo1.maven.org/maven2/ch/epfl/scala/bloop-config_2.12/2.0.3/bloop-config_2.12-2.0.3.jar
2025.04.03 19:18:20 INFO  BSP server: Downloaded https://repo1.maven.org/maven2/net/jpountz/lz4/lz4/1.3.0/lz4-1.3.0.jar
2025.04.03 19:18:20 INFO  BSP server: Downloading https://repo1.maven.org/maven2/com/github/alexarchambault/case-app-annotations_2.12/2.0.6/case-app-annotations_2.12-2.0.6.jar
2025.04.03 19:18:20 INFO  BSP server: Downloaded https://repo1.maven.org/maven2/ch/epfl/scala/bloop-backend_2.12/2.0.3/bloop-backend_2.12-2.0.3.jar
2025.04.03 19:18:20 INFO  BSP server: Downloading https://repo1.maven.org/maven2/org/scala-sbt/librarymanagement-ivy_2.12/1.10.1/librarymanagement-ivy_2.12-1.10.1.jar
2025.04.03 19:18:20 INFO  BSP server: Downloaded https://repo1.maven.org/maven2/com/github/alexarchambault/case-app-annotations_2.12/2.0.6/case-app-annotations_2.12-2.0.6.jar
2025.04.03 19:18:20 INFO  BSP server: Downloading https://repo1.maven.org/maven2/com/eed3si9n/shaded-jawn-parser_2.12/1.3.2/shaded-jawn-parser_2.12-1.3.2.jar
2025.04.03 19:18:20 INFO  BSP server: Downloaded https://repo1.maven.org/maven2/ch/epfl/scala/bloop-config_2.12/2.0.3/bloop-config_2.12-2.0.3.jar
2025.04.03 19:18:20 INFO  BSP server: Downloading https://repo1.maven.org/maven2/com/eed3si9n/shaded-apache-httpasyncclient/0.7.0/shaded-apache-httpasyncclient-0.7.0.jar
2025.04.03 19:18:20 INFO  BSP server: Downloaded https://repo1.maven.org/maven2/ch/epfl/scala/scala-debug-adapter_2.12/4.2.1/scala-debug-adapter_2.12-4.2.1.jar
2025.04.03 19:18:20 INFO  BSP server: Downloading https://repo1.maven.org/maven2/ch/epfl/scala/directory-watcher/0.8.0+6-f651bd93/directory-watcher-0.8.0+6-f651bd93.jar
2025.04.03 19:18:21 INFO  BSP server: Downloaded https://repo1.maven.org/maven2/org/scala-sbt/librarymanagement-ivy_2.12/1.10.1/librarymanagement-ivy_2.12-1.10.1.jar
2025.04.03 19:18:21 INFO  BSP server: Downloading https://repo1.maven.org/maven2/org/scalaz/scalaz-core_2.12/7.3.8/scalaz-core_2.12-7.3.8.jar
2025.04.03 19:18:21 INFO  BSP server: Downloaded https://repo1.maven.org/maven2/com/eed3si9n/shaded-jawn-parser_2.12/1.3.2/shaded-jawn-parser_2.12-1.3.2.jar
2025.04.03 19:18:21 INFO  BSP server: Downloading https://repo1.maven.org/maven2/io/github/alexarchambault/bleep/nailgun-server/1.0.7/nailgun-server-1.0.7.jar
2025.04.03 19:18:21 INFO  BSP server: Downloaded https://repo1.maven.org/maven2/com/chuusai/shapeless_2.12/2.3.3/shapeless_2.12-2.3.3.jar
2025.04.03 19:18:21 INFO  BSP server: Downloading https://repo1.maven.org/maven2/com/lihaoyi/unroll-annotation_2.12/0.1.12/unroll-annotation_2.12-0.1.12.jar
2025.04.03 19:18:21 INFO  BSP server: Downloaded https://repo1.maven.org/maven2/ch/epfl/scala/directory-watcher/0.8.0+6-f651bd93/directory-watcher-0.8.0+6-f651bd93.jar
2025.04.03 19:18:21 INFO  BSP server: Downloading https://repo1.maven.org/maven2/com/lihaoyi/sourcecode_2.12/0.4.2/sourcecode_2.12-0.4.2.jar
2025.04.03 19:18:21 INFO  BSP server: Downloaded https://repo1.maven.org/maven2/com/eed3si9n/shaded-apache-httpasyncclient/0.7.0/shaded-apache-httpasyncclient-0.7.0.jar
2025.04.03 19:18:21 INFO  BSP server: Downloading https://repo1.maven.org/maven2/com/lmax/disruptor/3.4.2/disruptor-3.4.2.jar
2025.04.03 19:18:21 INFO  BSP server: Downloaded https://repo1.maven.org/maven2/io/github/alexarchambault/bleep/nailgun-server/1.0.7/nailgun-server-1.0.7.jar
2025.04.03 19:18:21 INFO  BSP server: Downloading https://repo1.maven.org/maven2/org/typelevel/cats-effect_2.12/2.1.3/cats-effect_2.12-2.1.3.jar
2025.04.03 19:18:21 INFO  BSP server: Downloaded https://repo1.maven.org/maven2/com/lihaoyi/unroll-annotation_2.12/0.1.12/unroll-annotation_2.12-0.1.12.jar
2025.04.03 19:18:21 INFO  BSP server: Downloading https://repo1.maven.org/maven2/com/outr/moduload_2.12/1.1.5/moduload_2.12-1.1.5.jar
2025.04.03 19:18:21 INFO  BSP server: Downloaded https://repo1.maven.org/maven2/com/lihaoyi/sourcecode_2.12/0.4.2/sourcecode_2.12-0.4.2.jar
2025.04.03 19:18:21 INFO  BSP server: Downloading https://repo1.maven.org/maven2/com/github/alexarchambault/case-app_2.12/2.0.6/case-app_2.12-2.0.6.jar
2025.04.03 19:18:21 INFO  BSP server: Downloaded https://repo1.maven.org/maven2/com/lmax/disruptor/3.4.2/disruptor-3.4.2.jar
2025.04.03 19:18:21 INFO  BSP server: Downloading https://repo1.maven.org/maven2/org/jline/jline-native/3.24.1/jline-native-3.24.1.jar
2025.04.03 19:18:21 INFO  BSP server: Downloaded https://repo1.maven.org/maven2/com/outr/moduload_2.12/1.1.5/moduload_2.12-1.1.5.jar
2025.04.03 19:18:21 INFO  BSP server: Downloading https://repo1.maven.org/maven2/net/openhft/zero-allocation-hashing/0.16/zero-allocation-hashing-0.16.jar
2025.04.03 19:18:21 INFO  BSP server: Downloaded https://repo1.maven.org/maven2/org/jline/jline-native/3.24.1/jline-native-3.24.1.jar
2025.04.03 19:18:21 INFO  BSP server: Downloading https://repo1.maven.org/maven2/com/github/plokhotnyuk/jsoniter-scala/jsoniter-scala-core_2.12/2.13.3.2/jsoniter-scala-core_2.12-2.13.3.2.jar
2025.04.03 19:18:21 INFO  BSP server: Downloaded https://repo1.maven.org/maven2/com/github/alexarchambault/case-app_2.12/2.0.6/case-app_2.12-2.0.6.jar
2025.04.03 19:18:21 INFO  BSP server: Downloading https://repo1.maven.org/maven2/io/monix/implicitbox_2.12/0.2.0/implicitbox_2.12-0.2.0.jar
2025.04.03 19:18:21 INFO  BSP server: Downloaded https://repo1.maven.org/maven2/net/openhft/zero-allocation-hashing/0.16/zero-allocation-hashing-0.16.jar
2025.04.03 19:18:21 INFO  BSP server: Downloading https://repo1.maven.org/maven2/org/jline/jline-terminal-jansi/3.24.1/jline-terminal-jansi-3.24.1.jar
2025.04.03 19:18:21 INFO  BSP server: Downloaded https://repo1.maven.org/maven2/com/github/plokhotnyuk/jsoniter-scala/jsoniter-scala-core_2.12/2.13.3.2/jsoniter-scala-core_2.12-2.13.3.2.jar
2025.04.03 19:18:21 INFO  BSP server: Downloading https://repo1.maven.org/maven2/ch/qos/logback/logback-core/1.5.9/logback-core-1.5.9.jar
2025.04.03 19:18:21 INFO  BSP server: Downloaded https://repo1.maven.org/maven2/io/monix/implicitbox_2.12/0.2.0/implicitbox_2.12-0.2.0.jar
2025.04.03 19:18:21 INFO  BSP server: Downloading https://repo1.maven.org/maven2/ch/qos/logback/logback-classic/1.5.9/logback-classic-1.5.9.jar
2025.04.03 19:18:21 INFO  BSP server: Downloaded https://repo1.maven.org/maven2/org/typelevel/cats-effect_2.12/2.1.3/cats-effect_2.12-2.1.3.jar
2025.04.03 19:18:21 INFO  BSP server: Downloading https://repo1.maven.org/maven2/com/lihaoyi/pprint_2.12/0.9.0/pprint_2.12-0.9.0.jar
2025.04.03 19:18:21 INFO  BSP server: Downloaded https://repo1.maven.org/maven2/org/jline/jline-terminal-jansi/3.24.1/jline-terminal-jansi-3.24.1.jar
2025.04.03 19:18:21 INFO  BSP server: Downloading https://repo1.maven.org/maven2/org/scala-sbt/compiler-interface/1.10.2/compiler-interface-1.10.2.jar
2025.04.03 19:18:21 INFO  BSP server: Downloaded https://repo1.maven.org/maven2/com/lihaoyi/pprint_2.12/0.9.0/pprint_2.12-0.9.0.jar
2025.04.03 19:18:21 INFO  BSP server: Downloading https://repo1.maven.org/maven2/org/scala-sbt/sbinary_2.12/0.5.1/sbinary_2.12-0.5.1.jar
2025.04.03 19:18:21 INFO  BSP server: Downloaded https://repo1.maven.org/maven2/ch/qos/logback/logback-core/1.5.9/logback-core-1.5.9.jar
2025.04.03 19:18:21 INFO  BSP server: Downloading https://repo1.maven.org/maven2/io/monix/monix-java_2.12/3.2.0/monix-java_2.12-3.2.0.jar
2025.04.03 19:18:21 INFO  BSP server: Downloaded https://repo1.maven.org/maven2/org/scala-sbt/compiler-interface/1.10.2/compiler-interface-1.10.2.jar
2025.04.03 19:18:21 INFO  BSP server: Downloading https://repo1.maven.org/maven2/io/zipkin/brave/brave/5.18.1/brave-5.18.1.jar
2025.04.03 19:18:21 INFO  BSP server: Downloaded https://repo1.maven.org/maven2/ch/qos/logback/logback-classic/1.5.9/logback-classic-1.5.9.jar
2025.04.03 19:18:21 INFO  BSP server: Downloading https://repo1.maven.org/maven2/ch/epfl/scala/bloop-shared_2.12/2.0.3/bloop-shared_2.12-2.0.3.jar
2025.04.03 19:18:21 INFO  BSP server: Downloaded https://repo1.maven.org/maven2/io/monix/monix-java_2.12/3.2.0/monix-java_2.12-3.2.0.jar
2025.04.03 19:18:21 INFO  BSP server: Downloading https://repo1.maven.org/maven2/org/scala-lang/modules/scala-xml_2.12/2.3.0/scala-xml_2.12-2.3.0.jar
2025.04.03 19:18:21 INFO  BSP server: Downloaded https://repo1.maven.org/maven2/org/scala-sbt/sbinary_2.12/0.5.1/sbinary_2.12-0.5.1.jar
2025.04.03 19:18:21 INFO  BSP server: Downloading https://repo1.maven.org/maven2/org/scala-sbt/ivy/ivy/2.3.0-sbt-396a783bba347016e7fe30dacc60d355be607fe2/ivy-2.3.0-sbt-396a783bba347016e7fe30dacc60d355be607fe2.jar
2025.04.03 19:18:21 INFO  BSP server: Downloaded https://repo1.maven.org/maven2/io/zipkin/brave/brave/5.18.1/brave-5.18.1.jar
2025.04.03 19:18:21 INFO  BSP server: Downloading https://repo1.maven.org/maven2/org/scala-sbt/util-relation_2.12/1.10.1/util-relation_2.12-1.10.1.jar
2025.04.03 19:18:21 INFO  BSP server: Downloaded https://repo1.maven.org/maven2/ch/epfl/scala/bloop-shared_2.12/2.0.3/bloop-shared_2.12-2.0.3.jar
2025.04.03 19:18:21 INFO  BSP server: Downloading https://repo1.maven.org/maven2/org/jline/jline-terminal/3.24.1/jline-terminal-3.24.1.jar
2025.04.03 19:18:21 INFO  BSP server: Downloaded https://repo1.maven.org/maven2/org/scala-sbt/util-relation_2.12/1.10.1/util-relation_2.12-1.10.1.jar
2025.04.03 19:18:21 INFO  BSP server: Downloading https://repo1.maven.org/maven2/net/java/dev/jna/jna/5.13.0/jna-5.13.0.jar
2025.04.03 19:18:21 INFO  BSP server: Downloaded https://repo1.maven.org/maven2/org/scala-lang/modules/scala-xml_2.12/2.3.0/scala-xml_2.12-2.3.0.jar
2025.04.03 19:18:21 INFO  BSP server: Downloading https://repo1.maven.org/maven2/org/scala-lang/scala-reflect/2.12.20/scala-reflect-2.12.20.jar
2025.04.03 19:18:21 INFO  BSP server: Downloaded https://repo1.maven.org/maven2/org/jline/jline-terminal/3.24.1/jline-terminal-3.24.1.jar
2025.04.03 19:18:21 INFO  BSP server: Downloading https://repo1.maven.org/maven2/io/zipkin/zipkin2/zipkin/2.27.0/zipkin-2.27.0.jar
2025.04.03 19:18:21 INFO  BSP server: Downloaded https://repo1.maven.org/maven2/io/zipkin/zipkin2/zipkin/2.27.0/zipkin-2.27.0.jar
2025.04.03 19:18:21 INFO  BSP server: Downloading https://repo1.maven.org/maven2/io/zipkin/reporter2/zipkin-sender-urlconnection/2.17.2/zipkin-sender-urlconnection-2.17.2.jar
2025.04.03 19:18:21 INFO  BSP server: Downloaded https://repo1.maven.org/maven2/org/scala-sbt/ivy/ivy/2.3.0-sbt-396a783bba347016e7fe30dacc60d355be607fe2/ivy-2.3.0-sbt-396a783bba347016e7fe30dacc60d355be607fe2.jar
2025.04.03 19:18:21 INFO  BSP server: Downloading https://repo1.maven.org/maven2/org/scala-sbt/util-interface/1.10.1/util-interface-1.10.1.jar
2025.04.03 19:18:21 INFO  BSP server: Downloaded https://repo1.maven.org/maven2/org/scala-lang/scala-reflect/2.12.20/scala-reflect-2.12.20.jar
2025.04.03 19:18:21 INFO  BSP server: Downloading https://repo1.maven.org/maven2/com/typesafe/ssl-config-core_2.12/0.6.1/ssl-config-core_2.12-0.6.1.jar
2025.04.03 19:18:21 INFO  BSP server: Downloaded https://repo1.maven.org/maven2/io/zipkin/reporter2/zipkin-sender-urlconnection/2.17.2/zipkin-sender-urlconnection-2.17.2.jar
2025.04.03 19:18:21 INFO  BSP server: Downloading https://repo1.maven.org/maven2/io/monix/monix-execution_2.12/3.2.0/monix-execution_2.12-3.2.0.jar
2025.04.03 19:18:22 INFO  BSP server: Downloaded https://repo1.maven.org/maven2/org/scala-sbt/util-interface/1.10.1/util-interface-1.10.1.jar
2025.04.03 19:18:22 INFO  BSP server: Downloading https://repo1.maven.org/maven2/io/monix/monix-catnap_2.12/3.2.0/monix-catnap_2.12-3.2.0.jar
2025.04.03 19:18:22 INFO  BSP server: Downloaded https://repo1.maven.org/maven2/com/typesafe/ssl-config-core_2.12/0.6.1/ssl-config-core_2.12-0.6.1.jar
2025.04.03 19:18:22 INFO  BSP server: Downloading https://repo1.maven.org/maven2/org/scala-lang/modules/scala-collection-compat_2.12/2.12.0/scala-collection-compat_2.12-2.12.0.jar
2025.04.03 19:18:22 INFO  BSP server: Downloaded https://repo1.maven.org/maven2/net/java/dev/jna/jna/5.13.0/jna-5.13.0.jar
2025.04.03 19:18:22 INFO  BSP server: Downloading https://repo1.maven.org/maven2/org/scala-lang/scala-library/2.12.20/scala-library-2.12.20.jar
2025.04.03 19:18:22 INFO  BSP server: Downloaded https://repo1.maven.org/maven2/io/monix/monix-catnap_2.12/3.2.0/monix-catnap_2.12-3.2.0.jar
2025.04.03 19:18:22 INFO  BSP server: Downloading https://repo1.maven.org/maven2/org/scala-sbt/zinc-classfile_2.12/1.10.2/zinc-classfile_2.12-1.10.2.jar
2025.04.03 19:18:22 INFO  BSP server: Downloaded https://repo1.maven.org/maven2/org/scala-lang/modules/scala-collection-compat_2.12/2.12.0/scala-collection-compat_2.12-2.12.0.jar
2025.04.03 19:18:22 INFO  BSP server: Downloading https://repo1.maven.org/maven2/org/scalameta/trees_2.12/4.9.9/trees_2.12-4.9.9.jar
2025.04.03 19:18:22 INFO  BSP server: Downloaded https://repo1.maven.org/maven2/io/get-coursier/interface/1.0.21/interface-1.0.21.jar
2025.04.03 19:18:22 INFO  BSP server: Downloading https://repo1.maven.org/maven2/me/vican/jorge/jsonrpc4s_2.12/0.1.0/jsonrpc4s_2.12-0.1.0.jar
2025.04.03 19:18:22 INFO  BSP server: Downloaded https://repo1.maven.org/maven2/org/scala-sbt/zinc-classfile_2.12/1.10.2/zinc-classfile_2.12-1.10.2.jar
2025.04.03 19:18:22 INFO  BSP server: Downloading https://repo1.maven.org/maven2/com/eed3si9n/gigahorse-apache-http_2.12/0.7.0/gigahorse-apache-http_2.12-0.7.0.jar
2025.04.03 19:18:22 INFO  BSP server: Downloaded https://repo1.maven.org/maven2/com/eed3si9n/gigahorse-apache-http_2.12/0.7.0/gigahorse-apache-http_2.12-0.7.0.jar
2025.04.03 19:18:22 INFO  BSP server: Downloading https://repo1.maven.org/maven2/com/google/errorprone/error_prone_annotations/2.27.0/error_prone_annotations-2.27.0.jar
2025.04.03 19:18:22 INFO  BSP server: Downloaded https://repo1.maven.org/maven2/me/vican/jorge/jsonrpc4s_2.12/0.1.0/jsonrpc4s_2.12-0.1.0.jar
2025.04.03 19:18:22 INFO  BSP server: Downloaded https://repo1.maven.org/maven2/io/monix/monix-execution_2.12/3.2.0/monix-execution_2.12-3.2.0.jar
2025.04.03 19:18:22 INFO  BSP server: Downloaded https://repo1.maven.org/maven2/com/google/errorprone/error_prone_annotations/2.27.0/error_prone_annotations-2.27.0.jar
2025.04.03 19:18:22 INFO  BSP server: Downloaded https://repo1.maven.org/maven2/org/scala-lang/scala-library/2.12.20/scala-library-2.12.20.jar
2025.04.03 19:18:22 INFO  BSP server: Downloaded https://repo1.maven.org/maven2/org/scalaz/scalaz-core_2.12/7.3.8/scalaz-core_2.12-7.3.8.jar
2025.04.03 19:18:23 INFO  BSP server: Downloaded https://repo1.maven.org/maven2/org/scalameta/trees_2.12/4.9.9/trees_2.12-4.9.9.jar
2025.04.03 19:18:23 INFO  BSP server: Starting compilation server
2025.04.03 19:18:27 INFO  BSP server: Downloading https://repo1.maven.org/maven2/org/scala-lang/scala3-compiler_3/3.5.2/scala3-compiler_3-3.5.2.pom
2025.04.03 19:18:27 INFO  BSP server: Downloaded https://repo1.maven.org/maven2/org/scala-lang/scala3-compiler_3/3.5.2/scala3-compiler_3-3.5.2.pom
2025.04.03 19:18:27 INFO  BSP server: Downloading https://repo1.maven.org/maven2/org/scala-lang/scala3-library_3/3.5.2/scala3-library_3-3.5.2.pom
2025.04.03 19:18:27 INFO  BSP server: Downloading https://repo1.maven.org/maven2/org/scala-lang/scala3-interfaces/3.5.2/scala3-interfaces-3.5.2.pom
2025.04.03 19:18:27 INFO  BSP server: Downloading https://repo1.maven.org/maven2/org/scala-lang/tasty-core_3/3.5.2/tasty-core_3-3.5.2.pom
2025.04.03 19:18:27 INFO  BSP server: Downloaded https://repo1.maven.org/maven2/org/scala-lang/scala3-interfaces/3.5.2/scala3-interfaces-3.5.2.pom
2025.04.03 19:18:27 INFO  BSP server: Downloaded https://repo1.maven.org/maven2/org/scala-lang/scala3-library_3/3.5.2/scala3-library_3-3.5.2.pom
2025.04.03 19:18:27 INFO  BSP server: Downloaded https://repo1.maven.org/maven2/org/scala-lang/tasty-core_3/3.5.2/tasty-core_3-3.5.2.pom
2025.04.03 19:18:27 INFO  BSP server: Downloading https://repo1.maven.org/maven2/org/scala-lang/scala3-interfaces/3.5.2/scala3-interfaces-3.5.2.jar
2025.04.03 19:18:27 INFO  BSP server: Downloading https://repo1.maven.org/maven2/org/scala-lang/scala3-compiler_3/3.5.2/scala3-compiler_3-3.5.2.jar
2025.04.03 19:18:27 INFO  BSP server: Downloading https://repo1.maven.org/maven2/org/scala-lang/tasty-core_3/3.5.2/tasty-core_3-3.5.2.jar
2025.04.03 19:18:27 INFO  BSP server: Downloading https://repo1.maven.org/maven2/org/scala-lang/scala3-library_3/3.5.2/scala3-library_3-3.5.2.jar
2025.04.03 19:18:27 INFO  BSP server: Downloaded https://repo1.maven.org/maven2/org/scala-lang/scala3-interfaces/3.5.2/scala3-interfaces-3.5.2.jar
2025.04.03 19:18:27 INFO  BSP server: Downloaded https://repo1.maven.org/maven2/org/scala-lang/tasty-core_3/3.5.2/tasty-core_3-3.5.2.jar
2025.04.03 19:18:27 INFO  BSP server: Downloaded https://repo1.maven.org/maven2/org/scala-lang/scala3-library_3/3.5.2/scala3-library_3-3.5.2.jar
2025.04.03 19:18:30 INFO  BSP server: Downloaded https://repo1.maven.org/maven2/org/scala-lang/scala3-compiler_3/3.5.2/scala3-compiler_3-3.5.2.jar
2025.04.03 19:18:30 INFO  BSP server: Downloading https://repo1.maven.org/maven2/org/scala-lang/scala3-sbt-bridge/3.5.2/scala3-sbt-bridge-3.5.2.pom
2025.04.03 19:18:30 INFO  BSP server: Downloaded https://repo1.maven.org/maven2/org/scala-lang/scala3-sbt-bridge/3.5.2/scala3-sbt-bridge-3.5.2.pom
2025.04.03 19:18:30 INFO  BSP server: Downloading https://repo1.maven.org/maven2/org/scala-lang/scala3-sbt-bridge/3.5.2/scala3-sbt-bridge-3.5.2.jar
2025.04.03 19:18:30 INFO  BSP server: Downloaded https://repo1.maven.org/maven2/org/scala-lang/scala3-sbt-bridge/3.5.2/scala3-sbt-bridge-3.5.2.jar
2025.04.03 19:18:31 INFO  BSP server: Downloading https://repo1.maven.org/maven2/org/scala-lang/scala3-library_3/3.5.2/scala3-library_3-3.5.2-sources.jar
2025.04.03 19:18:31 INFO  BSP server: Downloaded https://repo1.maven.org/maven2/org/scala-lang/scala3-library_3/3.5.2/scala3-library_3-3.5.2-sources.jar
2025.04.03 19:18:31 INFO  BSP server: Downloading https://repo1.maven.org/maven2/com/sourcegraph/semanticdb-javac/0.10.0/semanticdb-javac-0.10.0.pom
2025.04.03 19:18:31 INFO  BSP server: Downloaded https://repo1.maven.org/maven2/com/sourcegraph/semanticdb-javac/0.10.0/semanticdb-javac-0.10.0.pom
2025.04.03 19:18:31 INFO  BSP server: Downloading https://repo1.maven.org/maven2/com/sourcegraph/semanticdb-javac/0.10.0/semanticdb-javac-0.10.0.jar
2025.04.03 19:18:31 INFO  BSP server: Downloaded https://repo1.maven.org/maven2/com/sourcegraph/semanticdb-javac/0.10.0/semanticdb-javac-0.10.0.jar
2025.04.03 19:18:32 INFO  time: Connected to build server in 22s
2025.04.03 19:18:32 INFO  Connected to Build server: scala-cli v1.5.3
2025.04.03 19:18:33 INFO  time: Imported build in 0.69s
2025.04.03 19:18:34 INFO  compiling streaming-big-data-with-spark-streaming-scala-and-spark-3_dbc273caa4 (25 scala sources)
2025.04.03 19:18:53 INFO  time: compiled Streaming-Big-Data-with-Spark-Streaming-Scala-and-Spark-3_dbc273caa4 in 19s
2025.04.03 19:18:53 INFO  compiling streaming-big-data-with-spark-streaming-scala-and-spark-3_dbc273caa4 (25 scala sources)
2025.04.03 19:19:02 INFO  time: compiled Streaming-Big-Data-with-Spark-Streaming-Scala-and-Spark-3_dbc273caa4 in 8.38s
2025.04.03 19:19:15 INFO  time: indexed workspace in 41s
2025.04.03 19:19:15 WARN  no build target for: C:\Users\daniel\Documents\Projects and Tutorials\Data Engineering Tutorials\Streaming-Big-Data-with-Spark-Streaming-Scala-and-Spark-3\SparkStreamingIDEA\SparkStreaming\build.sbt
2025.04.03 19:19:15 INFO  no build target found for C:\Users\daniel\Documents\Projects and Tutorials\Data Engineering Tutorials\Streaming-Big-Data-with-Spark-Streaming-Scala-and-Spark-3\SparkStreamingIDEA\SparkStreaming\build.sbt. Using presentation compiler with project's scala-library version: 3.5.2
2025.04.03 19:19:15 WARN  no build target for: C:\Users\daniel\Documents\Projects and Tutorials\Data Engineering Tutorials\Streaming-Big-Data-with-Spark-Streaming-Scala-and-Spark-3\SparkStreamingIDEA\SparkStreaming\build.sbt
2025.04.03 19:19:18 INFO  time: code lens generation in 3.21s
Apr 03, 2025 7:22:12 PM org.eclipse.lsp4j.jsonrpc.services.GenericEndpoint notify
INFO: Unsupported notification method: $/setTrace
2025.04.03 19:23:31 INFO  no build target found for C:\Users\daniel\Documents\Projects and Tutorials\Data Engineering Tutorials\Streaming-Big-Data-with-Spark-Streaming-Scala-and-Spark-3\SparkStreamingIDEA\SparkStreaming\build.sbt. Using presentation compiler with project's scala-library version: 3.5.2
2025.04.03 19:23:31 WARN  no build target for: C:\Users\daniel\Documents\Projects and Tutorials\Data Engineering Tutorials\Streaming-Big-Data-with-Spark-Streaming-Scala-and-Spark-3\SparkStreamingIDEA\SparkStreaming\build.sbt
2025.04.03 19:23:31 INFO  no build target found for C:\Users\daniel\Documents\Projects and Tutorials\Data Engineering Tutorials\Streaming-Big-Data-with-Spark-Streaming-Scala-and-Spark-3\SparkStreamingIDEA\SparkStreaming\build.sbt. Using presentation compiler with project's scala-library version: 3.5.2
2025.04.03 19:23:31 INFO  no build target found for C:\Users\daniel\Documents\Projects and Tutorials\Data Engineering Tutorials\Streaming-Big-Data-with-Spark-Streaming-Scala-and-Spark-3\SparkStreamingIDEA\SparkStreaming\build.sbt. Using presentation compiler with project's scala-library version: 3.5.2
2025.04.03 19:23:31 INFO  no build target found for C:\Users\daniel\Documents\Projects and Tutorials\Data Engineering Tutorials\Streaming-Big-Data-with-Spark-Streaming-Scala-and-Spark-3\SparkStreamingIDEA\SparkStreaming\build.sbt. Using presentation compiler with project's scala-library version: 3.5.2
2025.04.03 19:23:31 INFO  no build target found for C:\Users\daniel\Documents\Projects and Tutorials\Data Engineering Tutorials\Streaming-Big-Data-with-Spark-Streaming-Scala-and-Spark-3\SparkStreamingIDEA\SparkStreaming\build.sbt. Using presentation compiler with project's scala-library version: 3.5.2
2025.04.03 19:23:34 INFO  no build target found for C:\Users\daniel\Documents\Projects and Tutorials\Data Engineering Tutorials\Streaming-Big-Data-with-Spark-Streaming-Scala-and-Spark-3\SparkStreamingIDEA\SparkStreaming\build.sbt. Using presentation compiler with project's scala-library version: 3.5.2
2025.04.03 19:24:12 INFO  Shutting down server
2025.04.03 19:24:12 INFO  shutting down Metals
2025.04.03 19:24:12 INFO  Shut down connection with build server.
2025.04.03 19:24:12 INFO  Exiting server
2025.04.03 21:10:03 INFO  tracing is disabled for protocol LSP, to enable tracing of incoming and outgoing JSON messages create an empty file at c:\Users\daniel\Documents\Projects and Tutorials\Data Engineering Tutorials\Streaming-Big-Data-with-Spark-Streaming-Scala-and-Spark-3\.metals\lsp.trace.json
2025.04.03 21:10:06 INFO  logging to files C:\Users\daniel\Documents\Projects and Tutorials\Data Engineering Tutorials\Streaming-Big-Data-with-Spark-Streaming-Scala-and-Spark-3\.metals\metals.log
2025.04.03 21:10:06 INFO  Started: Metals version 1.5.2 in folders 'C:\Users\daniel\Documents\Projects and Tutorials\Data Engineering Tutorials\Streaming-Big-Data-with-Spark-Streaming-Scala-and-Spark-3' for client Visual Studio Code 1.98.2.
2025.04.03 21:10:09 INFO  Attempting to connect to the build server...
2025.04.03 21:10:09 INFO  Running BSP server List(C:\Users\daniel\AppData\Local\Coursier\data\bin\.scala-cli.aux.exe, bsp, --json-options, C:\Users\daniel\Documents\Projects and Tutorials\Data Engineering Tutorials\Streaming-Big-Data-with-Spark-Streaming-Scala-and-Spark-3\.scala-build\ide-options-v2.json, --json-launcher-options, C:\Users\daniel\Documents\Projects and Tutorials\Data Engineering Tutorials\Streaming-Big-Data-with-Spark-Streaming-Scala-and-Spark-3\.scala-build\ide-launcher-options.json, --envs-file, C:\Users\daniel\Documents\Projects and Tutorials\Data Engineering Tutorials\Streaming-Big-Data-with-Spark-Streaming-Scala-and-Spark-3\.scala-build\ide-envs.json, C:\Users\daniel\Documents\Projects and Tutorials\Data Engineering Tutorials\Streaming-Big-Data-with-Spark-Streaming-Scala-and-Spark-3)
2025.04.03 21:10:10 INFO  tracing is disabled for protocol BSP, to enable tracing of incoming and outgoing JSON messages create an empty file at C:\Users\daniel\Documents\Projects and Tutorials\Data Engineering Tutorials\Streaming-Big-Data-with-Spark-Streaming-Scala-and-Spark-3\.metals\bsp.trace.json
2025.04.03 21:10:11 INFO  time: Connected to build server in 2.74s
2025.04.03 21:10:11 INFO  Connected to Build server: scala-cli v1.5.3
2025.04.03 21:10:12 INFO  time: Imported build in 0.12s
2025.04.03 21:10:12 INFO  compiling streaming-big-data-with-spark-streaming-scala-and-spark-3_dbc273caa4 (25 scala sources)
2025.04.03 21:10:17 INFO  time: compiled Streaming-Big-Data-with-Spark-Streaming-Scala-and-Spark-3_dbc273caa4 in 5.32s
2025.04.03 21:10:17 INFO  compiling streaming-big-data-with-spark-streaming-scala-and-spark-3_dbc273caa4 (25 scala sources)
2025.04.03 21:10:21 INFO  time: compiled Streaming-Big-Data-with-Spark-Streaming-Scala-and-Spark-3_dbc273caa4 in 4.1s
2025.04.03 21:10:23 INFO  time: indexed workspace in 11s
Apr 03, 2025 9:11:12 PM org.eclipse.lsp4j.jsonrpc.services.GenericEndpoint notify
INFO: Unsupported notification method: $/setTrace
Apr 03, 2025 9:12:58 PM org.eclipse.lsp4j.jsonrpc.services.GenericEndpoint notify
INFO: Unsupported notification method: $/setTrace
